{"S:\\Projects (my)\\lorinto-api\\mavi\\config\\api.js": {"path":"S:\\Projects (my)\\lorinto-api\\mavi\\config\\api.js","statementMap":{"0":{"start":{"line":1,"column":0},"end":{"line":17,"column":1}}},"fnMap":{},"branchMap":{},"s":{"0":1},"f":{},"b":{},"_coverageSchema":"1a1c01bbd47fc00a2c39e90264f33305004495a9","hash":"de7f4c5343ca1683e20caa06c3277e68f2576063"}
,"S:\\Projects (my)\\lorinto-api\\mavi\\config\\cors.js": {"path":"S:\\Projects (my)\\lorinto-api\\mavi\\config\\cors.js","statementMap":{"0":{"start":{"line":1,"column":0},"end":{"line":5,"column":1}}},"fnMap":{},"branchMap":{},"s":{"0":1},"f":{},"b":{},"_coverageSchema":"1a1c01bbd47fc00a2c39e90264f33305004495a9","hash":"8827e973f0532e35f08792924050f457a985075e"}
,"S:\\Projects (my)\\lorinto-api\\mavi\\config\\database.js": {"path":"S:\\Projects (my)\\lorinto-api\\mavi\\config\\database.js","statementMap":{"0":{"start":{"line":2,"column":0},"end":{"line":2,"column":45}},"1":{"start":{"line":4,"column":0},"end":{"line":42,"column":2}}},"fnMap":{},"branchMap":{},"s":{"0":1,"1":1},"f":{},"b":{},"_coverageSchema":"1a1c01bbd47fc00a2c39e90264f33305004495a9","hash":"bc9f12d123dff27b1dfdfa79f07c8cc0b28a5b19"}
,"S:\\Projects (my)\\lorinto-api\\mavi\\config\\index.js": {"path":"S:\\Projects (my)\\lorinto-api\\mavi\\config\\index.js","statementMap":{"0":{"start":{"line":2,"column":26},"end":{"line":2,"column":52}},"1":{"start":{"line":4,"column":0},"end":{"line":14,"column":1}}},"fnMap":{},"branchMap":{},"s":{"0":1,"1":1},"f":{},"b":{},"_coverageSchema":"1a1c01bbd47fc00a2c39e90264f33305004495a9","hash":"d56ac767401efe45284b6bf9212c400befe47d8e"}
,"S:\\Projects (my)\\lorinto-api\\mavi\\config\\static.js": {"path":"S:\\Projects (my)\\lorinto-api\\mavi\\config\\static.js","statementMap":{"0":{"start":{"line":3,"column":0},"end":{"line":14,"column":1}}},"fnMap":{},"branchMap":{},"s":{"0":1},"f":{},"b":{},"_coverageSchema":"1a1c01bbd47fc00a2c39e90264f33305004495a9","hash":"485ac86e198f6223cb46b4dfe4e6418889bc0473"}
,"S:\\Projects (my)\\lorinto-api\\mavi\\database\\index.js": {"path":"S:\\Projects (my)\\lorinto-api\\mavi\\database\\index.js","statementMap":{"0":{"start":{"line":2,"column":13},"end":{"line":2,"column":66}},"1":{"start":{"line":4,"column":23},"end":{"line":20,"column":1}},"2":{"start":{"line":5,"column":14},"end":{"line":5,"column":80}},"3":{"start":{"line":6,"column":15},"end":{"line":6,"column":35}},"4":{"start":{"line":19,"column":2},"end":{"line":19,"column":13}},"5":{"start":{"line":22,"column":0},"end":{"line":22,"column":31}}},"fnMap":{"0":{"name":"(anonymous_0)","decl":{"start":{"line":4,"column":23},"end":{"line":4,"column":24}},"loc":{"start":{"line":4,"column":37},"end":{"line":20,"column":1}},"line":4}},"branchMap":{"0":{"loc":{"start":{"line":2,"column":14},"end":{"line":2,"column":51}},"type":"binary-expr","locations":[{"start":{"line":2,"column":14},"end":{"line":2,"column":34}},{"start":{"line":2,"column":38},"end":{"line":2,"column":51}}],"line":2},"1":{"loc":{"start":{"line":5,"column":14},"end":{"line":5,"column":80}},"type":"cond-expr","locations":[{"start":{"line":5,"column":38},"end":{"line":5,"column":57}},{"start":{"line":5,"column":60},"end":{"line":5,"column":80}}],"line":5}},"s":{"0":1,"1":1,"2":1,"3":1,"4":1,"5":1},"f":{"0":1},"b":{"0":[1,0],"1":[0,1]},"_coverageSchema":"1a1c01bbd47fc00a2c39e90264f33305004495a9","hash":"1deec8a544fa66eac1315392f061b566c8a41a53"}
}
