{"C:\\Users\\User\\Desktop\\SSD\\Projects (my)\\lorinto-api\\mavi\\index.js": {"path":"C:\\Users\\User\\Desktop\\SSD\\Projects (my)\\lorinto-api\\mavi\\index.js","statementMap":{"0":{"start":{"line":2,"column":16},"end":{"line":2,"column":34}},"1":{"start":{"line":3,"column":13},"end":{"line":3,"column":28}},"2":{"start":{"line":4,"column":13},"end":{"line":4,"column":28}},"3":{"start":{"line":5,"column":21},"end":{"line":5,"column":45}},"4":{"start":{"line":6,"column":21},"end":{"line":6,"column":45}},"5":{"start":{"line":7,"column":12},"end":{"line":7,"column":21}},"6":{"start":{"line":10,"column":0},"end":{"line":10,"column":57}},"7":{"start":{"line":13,"column":23},"end":{"line":13,"column":44}},"8":{"start":{"line":14,"column":21},"end":{"line":14,"column":44}},"9":{"start":{"line":15,"column":19},"end":{"line":15,"column":46}},"10":{"start":{"line":18,"column":23},"end":{"line":18,"column":64}},"11":{"start":{"line":21,"column":15},"end":{"line":21,"column":19}},"12":{"start":{"line":29,"column":21},"end":{"line":90,"column":1}},"13":{"start":{"line":33,"column":17},"end":{"line":36,"column":4}},"14":{"start":{"line":34,"column":4},"end":{"line":34,"column":43}},"15":{"start":{"line":35,"column":4},"end":{"line":35,"column":20}},"16":{"start":{"line":37,"column":15},"end":{"line":37,"column":41}},"17":{"start":{"line":38,"column":15},"end":{"line":38,"column":34}},"18":{"start":{"line":41,"column":2},"end":{"line":41,"column":45}},"19":{"start":{"line":44,"column":2},"end":{"line":44,"column":26}},"20":{"start":{"line":45,"column":2},"end":{"line":45,"column":50}},"21":{"start":{"line":46,"column":2},"end":{"line":46,"column":26}},"22":{"start":{"line":47,"column":2},"end":{"line":47,"column":29}},"23":{"start":{"line":48,"column":2},"end":{"line":48,"column":31}},"24":{"start":{"line":51,"column":2},"end":{"line":75,"column":3}},"25":{"start":{"line":54,"column":21},"end":{"line":60,"column":5}},"26":{"start":{"line":61,"column":20},"end":{"line":65,"column":5}},"27":{"start":{"line":68,"column":4},"end":{"line":72,"column":5}},"28":{"start":{"line":69,"column":6},"end":{"line":69,"column":71}},"29":{"start":{"line":71,"column":6},"end":{"line":71,"column":32}},"30":{"start":{"line":74,"column":4},"end":{"line":74,"column":45}},"31":{"start":{"line":78,"column":2},"end":{"line":82,"column":4}},"32":{"start":{"line":84,"column":2},"end":{"line":87,"column":5}},"33":{"start":{"line":85,"column":4},"end":{"line":85,"column":65}},"34":{"start":{"line":86,"column":4},"end":{"line":86,"column":66}},"35":{"start":{"line":89,"column":2},"end":{"line":89,"column":13}},"36":{"start":{"line":92,"column":14},"end":{"line":100,"column":2}},"37":{"start":{"line":93,"column":2},"end":{"line":99,"column":3}},"38":{"start":{"line":94,"column":4},"end":{"line":98,"column":6}},"39":{"start":{"line":101,"column":20},"end":{"line":112,"column":1}},"40":{"start":{"line":101,"column":30},"end":{"line":112,"column":1}},"41":{"start":{"line":103,"column":2},"end":{"line":103,"column":27}},"42":{"start":{"line":104,"column":2},"end":{"line":104,"column":24}},"43":{"start":{"line":105,"column":2},"end":{"line":105,"column":34}},"44":{"start":{"line":108,"column":2},"end":{"line":108,"column":44}},"45":{"start":{"line":111,"column":2},"end":{"line":111,"column":9}},"46":{"start":{"line":114,"column":0},"end":{"line":114,"column":36}}},"fnMap":{"0":{"name":"(anonymous_0)","decl":{"start":{"line":29,"column":21},"end":{"line":29,"column":22}},"loc":{"start":{"line":29,"column":37},"end":{"line":90,"column":1}},"line":29},"1":{"name":"(anonymous_1)","decl":{"start":{"line":33,"column":52},"end":{"line":33,"column":53}},"loc":{"start":{"line":33,"column":59},"end":{"line":36,"column":3}},"line":33},"2":{"name":"(anonymous_2)","decl":{"start":{"line":84,"column":25},"end":{"line":84,"column":26}},"loc":{"start":{"line":84,"column":31},"end":{"line":87,"column":3}},"line":84},"3":{"name":"(anonymous_3)","decl":{"start":{"line":92,"column":27},"end":{"line":92,"column":28}},"loc":{"start":{"line":92,"column":47},"end":{"line":100,"column":1}},"line":92},"4":{"name":"(anonymous_4)","decl":{"start":{"line":101,"column":20},"end":{"line":101,"column":21}},"loc":{"start":{"line":101,"column":30},"end":{"line":112,"column":1}},"line":101},"5":{"name":"(anonymous_5)","decl":{"start":{"line":101,"column":30},"end":{"line":101,"column":31}},"loc":{"start":{"line":101,"column":50},"end":{"line":112,"column":1}},"line":101}},"branchMap":{"0":{"loc":{"start":{"line":37,"column":15},"end":{"line":37,"column":41}},"type":"binary-expr","locations":[{"start":{"line":37,"column":15},"end":{"line":37,"column":26}},{"start":{"line":37,"column":30},"end":{"line":37,"column":41}}],"line":37},"1":{"loc":{"start":{"line":38,"column":15},"end":{"line":38,"column":34}},"type":"binary-expr","locations":[{"start":{"line":38,"column":15},"end":{"line":38,"column":26}},{"start":{"line":38,"column":30},"end":{"line":38,"column":34}}],"line":38},"2":{"loc":{"start":{"line":51,"column":2},"end":{"line":75,"column":3}},"type":"if","locations":[{"start":{"line":51,"column":2},"end":{"line":75,"column":3}},{"start":{},"end":{}}],"line":51},"3":{"loc":{"start":{"line":68,"column":4},"end":{"line":72,"column":5}},"type":"if","locations":[{"start":{"line":68,"column":4},"end":{"line":72,"column":5}},{"start":{"line":70,"column":11},"end":{"line":72,"column":5}}],"line":68},"4":{"loc":{"start":{"line":93,"column":2},"end":{"line":99,"column":3}},"type":"if","locations":[{"start":{"line":93,"column":2},"end":{"line":99,"column":3}},{"start":{},"end":{}}],"line":93}},"s":{"0":1,"1":1,"2":1,"3":1,"4":1,"5":1,"6":1,"7":1,"8":1,"9":1,"10":1,"11":1,"12":1,"13":1,"14":0,"15":0,"16":1,"17":1,"18":1,"19":1,"20":1,"21":1,"22":1,"23":1,"24":1,"25":1,"26":1,"27":1,"28":1,"29":0,"30":1,"31":1,"32":1,"33":1,"34":1,"35":1,"36":1,"37":1,"38":1,"39":1,"40":1,"41":1,"42":1,"43":1,"44":1,"45":1,"46":1},"f":{"0":1,"1":0,"2":1,"3":1,"4":1,"5":1},"b":{"0":[1,0],"1":[1,0],"2":[1,0],"3":[1,0],"4":[1,0]},"_coverageSchema":"1a1c01bbd47fc00a2c39e90264f33305004495a9","hash":"acb72f2849fecd2cc1698524a28acd6b3fec3731"}
,"C:\\Users\\User\\Desktop\\SSD\\Projects (my)\\lorinto-api\\mavi\\api\\controller\\index.js": {"path":"C:\\Users\\User\\Desktop\\SSD\\Projects (my)\\lorinto-api\\mavi\\api\\controller\\index.js","statementMap":{"0":{"start":{"line":1,"column":25},"end":{"line":1,"column":46}},"1":{"start":{"line":2,"column":23},"end":{"line":2,"column":38}},"2":{"start":{"line":3,"column":34},"end":{"line":3,"column":47}},"3":{"start":{"line":4,"column":17},"end":{"line":4,"column":32}},"4":{"start":{"line":5,"column":15},"end":{"line":5,"column":34}},"5":{"start":{"line":6,"column":12},"end":{"line":6,"column":35}},"6":{"start":{"line":7,"column":24},"end":{"line":7,"column":64}},"7":{"start":{"line":8,"column":22},"end":{"line":8,"column":59}},"8":{"start":{"line":12,"column":0},"end":{"line":527,"column":2}},"9":{"start":{"line":13,"column":20},"end":{"line":13,"column":23}},"10":{"start":{"line":14,"column":26},"end":{"line":14,"column":33}},"11":{"start":{"line":15,"column":78},"end":{"line":15,"column":88}},"12":{"start":{"line":16,"column":32},"end":{"line":31,"column":3}},"13":{"start":{"line":18,"column":51},"end":{"line":18,"column":54}},"14":{"start":{"line":20,"column":4},"end":{"line":25,"column":6}},"15":{"start":{"line":27,"column":4},"end":{"line":29,"column":5}},"16":{"start":{"line":28,"column":6},"end":{"line":28,"column":40}},"17":{"start":{"line":30,"column":4},"end":{"line":30,"column":56}},"18":{"start":{"line":35,"column":2},"end":{"line":37,"column":3}},"19":{"start":{"line":36,"column":4},"end":{"line":36,"column":86}},"20":{"start":{"line":42,"column":21},"end":{"line":42,"column":50}},"21":{"start":{"line":47,"column":2},"end":{"line":100,"column":3}},"22":{"start":{"line":51,"column":4},"end":{"line":89,"column":5}},"23":{"start":{"line":75,"column":6},"end":{"line":88,"column":7}},"24":{"start":{"line":79,"column":8},"end":{"line":87,"column":9}},"25":{"start":{"line":81,"column":10},"end":{"line":81,"column":45}},"26":{"start":{"line":86,"column":10},"end":{"line":86,"column":28}},"27":{"start":{"line":92,"column":4},"end":{"line":92,"column":36}},"28":{"start":{"line":97,"column":4},"end":{"line":99,"column":5}},"29":{"start":{"line":98,"column":6},"end":{"line":98,"column":25}},"30":{"start":{"line":107,"column":2},"end":{"line":149,"column":3}},"31":{"start":{"line":113,"column":4},"end":{"line":115,"column":5}},"32":{"start":{"line":114,"column":6},"end":{"line":114,"column":44}},"33":{"start":{"line":122,"column":4},"end":{"line":122,"column":66}},"34":{"start":{"line":125,"column":4},"end":{"line":133,"column":5}},"35":{"start":{"line":131,"column":18},"end":{"line":131,"column":48}},"36":{"start":{"line":132,"column":6},"end":{"line":132,"column":42}},"37":{"start":{"line":152,"column":2},"end":{"line":526,"column":4}},"38":{"start":{"line":155,"column":6},"end":{"line":155,"column":41}},"39":{"start":{"line":155,"column":24},"end":{"line":155,"column":41}},"40":{"start":{"line":158,"column":6},"end":{"line":161,"column":7}},"41":{"start":{"line":159,"column":8},"end":{"line":160,"column":86}},"42":{"start":{"line":159,"column":31},"end":{"line":159,"column":102}},"43":{"start":{"line":160,"column":13},"end":{"line":160,"column":86}},"44":{"start":{"line":164,"column":6},"end":{"line":168,"column":7}},"45":{"start":{"line":165,"column":8},"end":{"line":167,"column":9}},"46":{"start":{"line":166,"column":10},"end":{"line":166,"column":52}},"47":{"start":{"line":170,"column":19},"end":{"line":170,"column":77}},"48":{"start":{"line":171,"column":6},"end":{"line":171,"column":43}},"49":{"start":{"line":173,"column":6},"end":{"line":173,"column":40}},"50":{"start":{"line":176,"column":6},"end":{"line":176,"column":76}},"51":{"start":{"line":176,"column":47},"end":{"line":176,"column":76}},"52":{"start":{"line":178,"column":6},"end":{"line":180,"column":7}},"53":{"start":{"line":179,"column":8},"end":{"line":179,"column":41}},"54":{"start":{"line":181,"column":6},"end":{"line":183,"column":7}},"55":{"start":{"line":182,"column":8},"end":{"line":182,"column":41}},"56":{"start":{"line":184,"column":6},"end":{"line":186,"column":7}},"57":{"start":{"line":185,"column":8},"end":{"line":185,"column":46}},"58":{"start":{"line":188,"column":6},"end":{"line":188,"column":41}},"59":{"start":{"line":188,"column":24},"end":{"line":188,"column":41}},"60":{"start":{"line":191,"column":6},"end":{"line":194,"column":7}},"61":{"start":{"line":192,"column":8},"end":{"line":193,"column":86}},"62":{"start":{"line":192,"column":31},"end":{"line":192,"column":102}},"63":{"start":{"line":193,"column":13},"end":{"line":193,"column":86}},"64":{"start":{"line":197,"column":6},"end":{"line":201,"column":7}},"65":{"start":{"line":198,"column":8},"end":{"line":200,"column":9}},"66":{"start":{"line":199,"column":10},"end":{"line":199,"column":52}},"67":{"start":{"line":203,"column":17},"end":{"line":203,"column":64}},"68":{"start":{"line":205,"column":6},"end":{"line":207,"column":7}},"69":{"start":{"line":206,"column":8},"end":{"line":206,"column":105}},"70":{"start":{"line":209,"column":6},"end":{"line":209,"column":40}},"71":{"start":{"line":212,"column":20},"end":{"line":212,"column":22}},"72":{"start":{"line":213,"column":35},"end":{"line":213,"column":45}},"73":{"start":{"line":215,"column":6},"end":{"line":219,"column":53}},"74":{"start":{"line":215,"column":14},"end":{"line":215,"column":28}},"75":{"start":{"line":216,"column":11},"end":{"line":219,"column":53}},"76":{"start":{"line":217,"column":8},"end":{"line":217,"column":51}},"77":{"start":{"line":218,"column":8},"end":{"line":218,"column":26}},"78":{"start":{"line":219,"column":13},"end":{"line":219,"column":53}},"79":{"start":{"line":219,"column":27},"end":{"line":219,"column":53}},"80":{"start":{"line":220,"column":6},"end":{"line":220,"column":47}},"81":{"start":{"line":220,"column":21},"end":{"line":220,"column":47}},"82":{"start":{"line":222,"column":6},"end":{"line":222,"column":47}},"83":{"start":{"line":223,"column":17},"end":{"line":223,"column":64}},"84":{"start":{"line":225,"column":6},"end":{"line":227,"column":7}},"85":{"start":{"line":226,"column":8},"end":{"line":226,"column":105}},"86":{"start":{"line":228,"column":6},"end":{"line":228,"column":54}},"87":{"start":{"line":228,"column":31},"end":{"line":228,"column":54}},"88":{"start":{"line":230,"column":6},"end":{"line":230,"column":96}},"89":{"start":{"line":230,"column":30},"end":{"line":230,"column":96}},"90":{"start":{"line":232,"column":6},"end":{"line":232,"column":40}},"91":{"start":{"line":235,"column":17},"end":{"line":235,"column":96}},"92":{"start":{"line":237,"column":6},"end":{"line":239,"column":7}},"93":{"start":{"line":238,"column":8},"end":{"line":238,"column":105}},"94":{"start":{"line":241,"column":6},"end":{"line":241,"column":54}},"95":{"start":{"line":241,"column":31},"end":{"line":241,"column":54}},"96":{"start":{"line":248,"column":6},"end":{"line":248,"column":40}},"97":{"start":{"line":251,"column":20},"end":{"line":251,"column":22}},"98":{"start":{"line":252,"column":6},"end":{"line":252,"column":28}},"99":{"start":{"line":252,"column":14},"end":{"line":252,"column":28}},"100":{"start":{"line":253,"column":6},"end":{"line":259,"column":7}},"101":{"start":{"line":254,"column":8},"end":{"line":258,"column":9}},"102":{"start":{"line":255,"column":10},"end":{"line":255,"column":34}},"103":{"start":{"line":257,"column":10},"end":{"line":257,"column":36}},"104":{"start":{"line":261,"column":17},"end":{"line":261,"column":109}},"105":{"start":{"line":263,"column":6},"end":{"line":263,"column":96}},"106":{"start":{"line":263,"column":30},"end":{"line":263,"column":96}},"107":{"start":{"line":265,"column":6},"end":{"line":265,"column":54}},"108":{"start":{"line":265,"column":31},"end":{"line":265,"column":54}},"109":{"start":{"line":274,"column":6},"end":{"line":274,"column":40}},"110":{"start":{"line":277,"column":20},"end":{"line":277,"column":22}},"111":{"start":{"line":278,"column":6},"end":{"line":278,"column":28}},"112":{"start":{"line":278,"column":14},"end":{"line":278,"column":28}},"113":{"start":{"line":279,"column":6},"end":{"line":285,"column":7}},"114":{"start":{"line":280,"column":8},"end":{"line":284,"column":9}},"115":{"start":{"line":281,"column":10},"end":{"line":281,"column":34}},"116":{"start":{"line":283,"column":10},"end":{"line":283,"column":36}},"117":{"start":{"line":287,"column":19},"end":{"line":287,"column":107}},"118":{"start":{"line":288,"column":6},"end":{"line":288,"column":96}},"119":{"start":{"line":288,"column":30},"end":{"line":288,"column":96}},"120":{"start":{"line":291,"column":6},"end":{"line":293,"column":7}},"121":{"start":{"line":292,"column":8},"end":{"line":292,"column":105}},"122":{"start":{"line":295,"column":6},"end":{"line":295,"column":54}},"123":{"start":{"line":295,"column":31},"end":{"line":295,"column":54}},"124":{"start":{"line":302,"column":6},"end":{"line":302,"column":40}},"125":{"start":{"line":305,"column":6},"end":{"line":384,"column":7}},"126":{"start":{"line":308,"column":8},"end":{"line":312,"column":9}},"127":{"start":{"line":309,"column":10},"end":{"line":311,"column":11}},"128":{"start":{"line":310,"column":12},"end":{"line":310,"column":78}},"129":{"start":{"line":313,"column":24},"end":{"line":313,"column":48}},"130":{"start":{"line":317,"column":25},"end":{"line":333,"column":9}},"131":{"start":{"line":325,"column":27},"end":{"line":325,"column":65}},"132":{"start":{"line":326,"column":12},"end":{"line":326,"column":57}},"133":{"start":{"line":330,"column":12},"end":{"line":330,"column":34}},"134":{"start":{"line":336,"column":8},"end":{"line":338,"column":9}},"135":{"start":{"line":337,"column":10},"end":{"line":337,"column":40}},"136":{"start":{"line":341,"column":21},"end":{"line":341,"column":47}},"137":{"start":{"line":344,"column":8},"end":{"line":344,"column":24}},"138":{"start":{"line":345,"column":8},"end":{"line":376,"column":11}},"139":{"start":{"line":347,"column":10},"end":{"line":375,"column":11}},"140":{"start":{"line":348,"column":29},"end":{"line":348,"column":74}},"141":{"start":{"line":350,"column":12},"end":{"line":352,"column":13}},"142":{"start":{"line":351,"column":14},"end":{"line":351,"column":38}},"143":{"start":{"line":354,"column":12},"end":{"line":354,"column":64}},"144":{"start":{"line":355,"column":12},"end":{"line":355,"column":32}},"145":{"start":{"line":356,"column":12},"end":{"line":356,"column":99}},"146":{"start":{"line":359,"column":12},"end":{"line":371,"column":13}},"147":{"start":{"line":360,"column":14},"end":{"line":360,"column":36}},"148":{"start":{"line":362,"column":31},"end":{"line":362,"column":110}},"149":{"start":{"line":370,"column":14},"end":{"line":370,"column":50}},"150":{"start":{"line":373,"column":12},"end":{"line":373,"column":67}},"151":{"start":{"line":374,"column":12},"end":{"line":374,"column":81}},"152":{"start":{"line":377,"column":8},"end":{"line":380,"column":11}},"153":{"start":{"line":378,"column":10},"end":{"line":378,"column":53}},"154":{"start":{"line":379,"column":10},"end":{"line":379,"column":67}},"155":{"start":{"line":382,"column":8},"end":{"line":382,"column":82}},"156":{"start":{"line":383,"column":8},"end":{"line":383,"column":96}},"157":{"start":{"line":391,"column":6},"end":{"line":458,"column":7}},"158":{"start":{"line":393,"column":64},"end":{"line":393,"column":72}},"159":{"start":{"line":396,"column":8},"end":{"line":398,"column":9}},"160":{"start":{"line":397,"column":10},"end":{"line":397,"column":65}},"161":{"start":{"line":402,"column":28},"end":{"line":406,"column":39}},"162":{"start":{"line":408,"column":8},"end":{"line":410,"column":9}},"163":{"start":{"line":409,"column":10},"end":{"line":409,"column":99}},"164":{"start":{"line":413,"column":8},"end":{"line":413,"column":60}},"165":{"start":{"line":415,"column":21},"end":{"line":421,"column":9}},"166":{"start":{"line":424,"column":23},"end":{"line":427,"column":39}},"167":{"start":{"line":432,"column":22},"end":{"line":434,"column":10}},"168":{"start":{"line":437,"column":24},"end":{"line":439,"column":10}},"169":{"start":{"line":441,"column":8},"end":{"line":441,"column":27}},"170":{"start":{"line":442,"column":8},"end":{"line":442,"column":31}},"171":{"start":{"line":445,"column":8},"end":{"line":449,"column":40}},"172":{"start":{"line":452,"column":8},"end":{"line":452,"column":41}},"173":{"start":{"line":455,"column":8},"end":{"line":455,"column":42}},"174":{"start":{"line":457,"column":8},"end":{"line":457,"column":68}},"175":{"start":{"line":466,"column":6},"end":{"line":516,"column":7}},"176":{"start":{"line":468,"column":46},"end":{"line":468,"column":54}},"177":{"start":{"line":471,"column":8},"end":{"line":473,"column":9}},"178":{"start":{"line":472,"column":10},"end":{"line":472,"column":63}},"179":{"start":{"line":476,"column":21},"end":{"line":479,"column":39}},"180":{"start":{"line":481,"column":8},"end":{"line":511,"column":9}},"181":{"start":{"line":483,"column":26},"end":{"line":489,"column":11}},"182":{"start":{"line":492,"column":24},"end":{"line":494,"column":12}},"183":{"start":{"line":495,"column":26},"end":{"line":497,"column":12}},"184":{"start":{"line":500,"column":10},"end":{"line":500,"column":43}},"185":{"start":{"line":503,"column":10},"end":{"line":503,"column":79}},"186":{"start":{"line":506,"column":10},"end":{"line":506,"column":32}},"187":{"start":{"line":507,"column":10},"end":{"line":507,"column":36}},"188":{"start":{"line":510,"column":10},"end":{"line":510,"column":47}},"189":{"start":{"line":512,"column":8},"end":{"line":512,"column":59}},"190":{"start":{"line":514,"column":8},"end":{"line":514,"column":25}},"191":{"start":{"line":515,"column":8},"end":{"line":515,"column":52}},"192":{"start":{"line":520,"column":6},"end":{"line":520,"column":38}},"193":{"start":{"line":521,"column":6},"end":{"line":521,"column":39}},"194":{"start":{"line":522,"column":6},"end":{"line":522,"column":31}},"195":{"start":{"line":524,"column":6},"end":{"line":524,"column":50}}},"fnMap":{"0":{"name":"(anonymous_0)","decl":{"start":{"line":12,"column":17},"end":{"line":12,"column":18}},"loc":{"start":{"line":12,"column":31},"end":{"line":527,"column":1}},"line":12},"1":{"name":"(anonymous_1)","decl":{"start":{"line":16,"column":32},"end":{"line":16,"column":33}},"loc":{"start":{"line":16,"column":39},"end":{"line":31,"column":3}},"line":16},"2":{"name":"(anonymous_2)","decl":{"start":{"line":153,"column":11},"end":{"line":153,"column":12}},"loc":{"start":{"line":153,"column":23},"end":{"line":174,"column":5}},"line":153},"3":{"name":"(anonymous_3)","decl":{"start":{"line":175,"column":10},"end":{"line":175,"column":11}},"loc":{"start":{"line":175,"column":39},"end":{"line":210,"column":5}},"line":175},"4":{"name":"(anonymous_4)","decl":{"start":{"line":211,"column":13},"end":{"line":211,"column":14}},"loc":{"start":{"line":211,"column":42},"end":{"line":233,"column":5}},"line":211},"5":{"name":"(anonymous_5)","decl":{"start":{"line":234,"column":12},"end":{"line":234,"column":13}},"loc":{"start":{"line":234,"column":47},"end":{"line":249,"column":5}},"line":234},"6":{"name":"(anonymous_6)","decl":{"start":{"line":250,"column":12},"end":{"line":250,"column":13}},"loc":{"start":{"line":250,"column":32},"end":{"line":275,"column":5}},"line":250},"7":{"name":"(anonymous_7)","decl":{"start":{"line":276,"column":12},"end":{"line":276,"column":13}},"loc":{"start":{"line":276,"column":45},"end":{"line":303,"column":5}},"line":276},"8":{"name":"(anonymous_8)","decl":{"start":{"line":304,"column":12},"end":{"line":304,"column":13}},"loc":{"start":{"line":304,"column":41},"end":{"line":385,"column":5}},"line":304},"9":{"name":"(anonymous_9)","decl":{"start":{"line":323,"column":18},"end":{"line":323,"column":19}},"loc":{"start":{"line":323,"column":66},"end":{"line":327,"column":11}},"line":323},"10":{"name":"(anonymous_10)","decl":{"start":{"line":328,"column":20},"end":{"line":328,"column":21}},"loc":{"start":{"line":328,"column":47},"end":{"line":331,"column":11}},"line":328},"11":{"name":"(anonymous_11)","decl":{"start":{"line":345,"column":24},"end":{"line":345,"column":25}},"loc":{"start":{"line":345,"column":56},"end":{"line":376,"column":9}},"line":345},"12":{"name":"(anonymous_12)","decl":{"start":{"line":377,"column":25},"end":{"line":377,"column":26}},"loc":{"start":{"line":377,"column":40},"end":{"line":380,"column":9}},"line":377},"13":{"name":"(anonymous_13)","decl":{"start":{"line":389,"column":14},"end":{"line":389,"column":15}},"loc":{"start":{"line":389,"column":34},"end":{"line":460,"column":5}},"line":389},"14":{"name":"(anonymous_14)","decl":{"start":{"line":464,"column":11},"end":{"line":464,"column":12}},"loc":{"start":{"line":464,"column":31},"end":{"line":518,"column":5}},"line":464},"15":{"name":"(anonymous_15)","decl":{"start":{"line":519,"column":12},"end":{"line":519,"column":13}},"loc":{"start":{"line":519,"column":26},"end":{"line":525,"column":5}},"line":519}},"branchMap":{"0":{"loc":{"start":{"line":21,"column":14},"end":{"line":21,"column":27}},"type":"binary-expr","locations":[{"start":{"line":21,"column":14},"end":{"line":21,"column":20}},{"start":{"line":21,"column":24},"end":{"line":21,"column":27}}],"line":21},"1":{"loc":{"start":{"line":27,"column":4},"end":{"line":29,"column":5}},"type":"if","locations":[{"start":{"line":27,"column":4},"end":{"line":29,"column":5}},{"start":{},"end":{}}],"line":27},"2":{"loc":{"start":{"line":35,"column":2},"end":{"line":37,"column":3}},"type":"if","locations":[{"start":{"line":35,"column":2},"end":{"line":37,"column":3}},{"start":{},"end":{}}],"line":35},"3":{"loc":{"start":{"line":42,"column":21},"end":{"line":42,"column":50}},"type":"binary-expr","locations":[{"start":{"line":42,"column":21},"end":{"line":42,"column":37}},{"start":{"line":42,"column":41},"end":{"line":42,"column":50}}],"line":42},"4":{"loc":{"start":{"line":47,"column":2},"end":{"line":100,"column":3}},"type":"if","locations":[{"start":{"line":47,"column":2},"end":{"line":100,"column":3}},{"start":{"line":95,"column":7},"end":{"line":100,"column":3}}],"line":47},"5":{"loc":{"start":{"line":51,"column":4},"end":{"line":89,"column":5}},"type":"if","locations":[{"start":{"line":51,"column":4},"end":{"line":89,"column":5}},{"start":{},"end":{}}],"line":51},"6":{"loc":{"start":{"line":51,"column":8},"end":{"line":51,"column":64}},"type":"binary-expr","locations":[{"start":{"line":51,"column":8},"end":{"line":51,"column":24}},{"start":{"line":51,"column":28},"end":{"line":51,"column":64}}],"line":51},"7":{"loc":{"start":{"line":79,"column":8},"end":{"line":87,"column":9}},"type":"if","locations":[{"start":{"line":79,"column":8},"end":{"line":87,"column":9}},{"start":{"line":84,"column":13},"end":{"line":87,"column":9}}],"line":79},"8":{"loc":{"start":{"line":107,"column":2},"end":{"line":149,"column":3}},"type":"if","locations":[{"start":{"line":107,"column":2},"end":{"line":149,"column":3}},{"start":{},"end":{}}],"line":107},"9":{"loc":{"start":{"line":107,"column":6},"end":{"line":107,"column":108}},"type":"binary-expr","locations":[{"start":{"line":107,"column":6},"end":{"line":107,"column":10}},{"start":{"line":107,"column":14},"end":{"line":107,"column":32}},{"start":{"line":107,"column":36},"end":{"line":107,"column":60}},{"start":{"line":107,"column":64},"end":{"line":107,"column":108}}],"line":107},"10":{"loc":{"start":{"line":113,"column":4},"end":{"line":115,"column":5}},"type":"if","locations":[{"start":{"line":113,"column":4},"end":{"line":115,"column":5}},{"start":{},"end":{}}],"line":113},"11":{"loc":{"start":{"line":125,"column":4},"end":{"line":133,"column":5}},"type":"if","locations":[{"start":{"line":125,"column":4},"end":{"line":133,"column":5}},{"start":{},"end":{}}],"line":125},"12":{"loc":{"start":{"line":125,"column":8},"end":{"line":125,"column":66}},"type":"binary-expr","locations":[{"start":{"line":125,"column":8},"end":{"line":125,"column":40}},{"start":{"line":125,"column":44},"end":{"line":125,"column":66}}],"line":125},"13":{"loc":{"start":{"line":155,"column":6},"end":{"line":155,"column":41}},"type":"if","locations":[{"start":{"line":155,"column":6},"end":{"line":155,"column":41}},{"start":{},"end":{}}],"line":155},"14":{"loc":{"start":{"line":158,"column":6},"end":{"line":161,"column":7}},"type":"if","locations":[{"start":{"line":158,"column":6},"end":{"line":161,"column":7}},{"start":{},"end":{}}],"line":158},"15":{"loc":{"start":{"line":159,"column":8},"end":{"line":160,"column":86}},"type":"if","locations":[{"start":{"line":159,"column":8},"end":{"line":160,"column":86}},{"start":{"line":160,"column":13},"end":{"line":160,"column":86}}],"line":159},"16":{"loc":{"start":{"line":164,"column":6},"end":{"line":168,"column":7}},"type":"if","locations":[{"start":{"line":164,"column":6},"end":{"line":168,"column":7}},{"start":{},"end":{}}],"line":164},"17":{"loc":{"start":{"line":171,"column":26},"end":{"line":171,"column":41}},"type":"binary-expr","locations":[{"start":{"line":171,"column":26},"end":{"line":171,"column":36}},{"start":{"line":171,"column":40},"end":{"line":171,"column":41}}],"line":171},"18":{"loc":{"start":{"line":175,"column":17},"end":{"line":175,"column":34}},"type":"default-arg","locations":[{"start":{"line":175,"column":30},"end":{"line":175,"column":34}}],"line":175},"19":{"loc":{"start":{"line":176,"column":6},"end":{"line":176,"column":76}},"type":"if","locations":[{"start":{"line":176,"column":6},"end":{"line":176,"column":76}},{"start":{},"end":{}}],"line":176},"20":{"loc":{"start":{"line":176,"column":10},"end":{"line":176,"column":45}},"type":"binary-expr","locations":[{"start":{"line":176,"column":10},"end":{"line":176,"column":15}},{"start":{"line":176,"column":19},"end":{"line":176,"column":45}}],"line":176},"21":{"loc":{"start":{"line":178,"column":6},"end":{"line":180,"column":7}},"type":"if","locations":[{"start":{"line":178,"column":6},"end":{"line":180,"column":7}},{"start":{},"end":{}}],"line":178},"22":{"loc":{"start":{"line":181,"column":6},"end":{"line":183,"column":7}},"type":"if","locations":[{"start":{"line":181,"column":6},"end":{"line":183,"column":7}},{"start":{},"end":{}}],"line":181},"23":{"loc":{"start":{"line":184,"column":6},"end":{"line":186,"column":7}},"type":"if","locations":[{"start":{"line":184,"column":6},"end":{"line":186,"column":7}},{"start":{},"end":{}}],"line":184},"24":{"loc":{"start":{"line":184,"column":10},"end":{"line":184,"column":37}},"type":"binary-expr","locations":[{"start":{"line":184,"column":10},"end":{"line":184,"column":21}},{"start":{"line":184,"column":25},"end":{"line":184,"column":37}}],"line":184},"25":{"loc":{"start":{"line":185,"column":27},"end":{"line":185,"column":44}},"type":"binary-expr","locations":[{"start":{"line":185,"column":27},"end":{"line":185,"column":38}},{"start":{"line":185,"column":42},"end":{"line":185,"column":44}}],"line":185},"26":{"loc":{"start":{"line":188,"column":6},"end":{"line":188,"column":41}},"type":"if","locations":[{"start":{"line":188,"column":6},"end":{"line":188,"column":41}},{"start":{},"end":{}}],"line":188},"27":{"loc":{"start":{"line":191,"column":6},"end":{"line":194,"column":7}},"type":"if","locations":[{"start":{"line":191,"column":6},"end":{"line":194,"column":7}},{"start":{},"end":{}}],"line":191},"28":{"loc":{"start":{"line":192,"column":8},"end":{"line":193,"column":86}},"type":"if","locations":[{"start":{"line":192,"column":8},"end":{"line":193,"column":86}},{"start":{"line":193,"column":13},"end":{"line":193,"column":86}}],"line":192},"29":{"loc":{"start":{"line":197,"column":6},"end":{"line":201,"column":7}},"type":"if","locations":[{"start":{"line":197,"column":6},"end":{"line":201,"column":7}},{"start":{},"end":{}}],"line":197},"30":{"loc":{"start":{"line":205,"column":6},"end":{"line":207,"column":7}},"type":"if","locations":[{"start":{"line":205,"column":6},"end":{"line":207,"column":7}},{"start":{},"end":{}}],"line":205},"31":{"loc":{"start":{"line":205,"column":10},"end":{"line":205,"column":82}},"type":"binary-expr","locations":[{"start":{"line":205,"column":10},"end":{"line":205,"column":20}},{"start":{"line":205,"column":24},"end":{"line":205,"column":28}},{"start":{"line":205,"column":32},"end":{"line":205,"column":43}},{"start":{"line":205,"column":47},"end":{"line":205,"column":55}},{"start":{"line":205,"column":59},"end":{"line":205,"column":82}}],"line":205},"32":{"loc":{"start":{"line":211,"column":20},"end":{"line":211,"column":37}},"type":"default-arg","locations":[{"start":{"line":211,"column":33},"end":{"line":211,"column":37}}],"line":211},"33":{"loc":{"start":{"line":215,"column":6},"end":{"line":219,"column":53}},"type":"if","locations":[{"start":{"line":215,"column":6},"end":{"line":219,"column":53}},{"start":{"line":216,"column":11},"end":{"line":219,"column":53}}],"line":215},"34":{"loc":{"start":{"line":216,"column":11},"end":{"line":219,"column":53}},"type":"if","locations":[{"start":{"line":216,"column":11},"end":{"line":219,"column":53}},{"start":{"line":219,"column":13},"end":{"line":219,"column":53}}],"line":216},"35":{"loc":{"start":{"line":219,"column":13},"end":{"line":219,"column":53}},"type":"if","locations":[{"start":{"line":219,"column":13},"end":{"line":219,"column":53}},{"start":{},"end":{}}],"line":219},"36":{"loc":{"start":{"line":220,"column":6},"end":{"line":220,"column":47}},"type":"if","locations":[{"start":{"line":220,"column":6},"end":{"line":220,"column":47}},{"start":{},"end":{}}],"line":220},"37":{"loc":{"start":{"line":225,"column":6},"end":{"line":227,"column":7}},"type":"if","locations":[{"start":{"line":225,"column":6},"end":{"line":227,"column":7}},{"start":{},"end":{}}],"line":225},"38":{"loc":{"start":{"line":225,"column":10},"end":{"line":225,"column":67}},"type":"binary-expr","locations":[{"start":{"line":225,"column":10},"end":{"line":225,"column":20}},{"start":{"line":225,"column":24},"end":{"line":225,"column":28}},{"start":{"line":225,"column":32},"end":{"line":225,"column":40}},{"start":{"line":225,"column":44},"end":{"line":225,"column":67}}],"line":225},"39":{"loc":{"start":{"line":228,"column":6},"end":{"line":228,"column":54}},"type":"if","locations":[{"start":{"line":228,"column":6},"end":{"line":228,"column":54}},{"start":{},"end":{}}],"line":228},"40":{"loc":{"start":{"line":228,"column":38},"end":{"line":228,"column":53}},"type":"binary-expr","locations":[{"start":{"line":228,"column":38},"end":{"line":228,"column":45}},{"start":{"line":228,"column":49},"end":{"line":228,"column":53}}],"line":228},"41":{"loc":{"start":{"line":230,"column":6},"end":{"line":230,"column":96}},"type":"if","locations":[{"start":{"line":230,"column":6},"end":{"line":230,"column":96}},{"start":{},"end":{}}],"line":230},"42":{"loc":{"start":{"line":230,"column":10},"end":{"line":230,"column":28}},"type":"binary-expr","locations":[{"start":{"line":230,"column":10},"end":{"line":230,"column":15}},{"start":{"line":230,"column":19},"end":{"line":230,"column":28}}],"line":230},"43":{"loc":{"start":{"line":234,"column":25},"end":{"line":234,"column":42}},"type":"default-arg","locations":[{"start":{"line":234,"column":38},"end":{"line":234,"column":42}}],"line":234},"44":{"loc":{"start":{"line":237,"column":6},"end":{"line":239,"column":7}},"type":"if","locations":[{"start":{"line":237,"column":6},"end":{"line":239,"column":7}},{"start":{},"end":{}}],"line":237},"45":{"loc":{"start":{"line":237,"column":10},"end":{"line":237,"column":67}},"type":"binary-expr","locations":[{"start":{"line":237,"column":10},"end":{"line":237,"column":20}},{"start":{"line":237,"column":24},"end":{"line":237,"column":28}},{"start":{"line":237,"column":32},"end":{"line":237,"column":40}},{"start":{"line":237,"column":44},"end":{"line":237,"column":67}}],"line":237},"46":{"loc":{"start":{"line":241,"column":6},"end":{"line":241,"column":54}},"type":"if","locations":[{"start":{"line":241,"column":6},"end":{"line":241,"column":54}},{"start":{},"end":{}}],"line":241},"47":{"loc":{"start":{"line":241,"column":38},"end":{"line":241,"column":53}},"type":"binary-expr","locations":[{"start":{"line":241,"column":38},"end":{"line":241,"column":45}},{"start":{"line":241,"column":49},"end":{"line":241,"column":53}}],"line":241},"48":{"loc":{"start":{"line":252,"column":6},"end":{"line":252,"column":28}},"type":"if","locations":[{"start":{"line":252,"column":6},"end":{"line":252,"column":28}},{"start":{},"end":{}}],"line":252},"49":{"loc":{"start":{"line":253,"column":6},"end":{"line":259,"column":7}},"type":"if","locations":[{"start":{"line":253,"column":6},"end":{"line":259,"column":7}},{"start":{},"end":{}}],"line":253},"50":{"loc":{"start":{"line":254,"column":8},"end":{"line":258,"column":9}},"type":"if","locations":[{"start":{"line":254,"column":8},"end":{"line":258,"column":9}},{"start":{"line":256,"column":15},"end":{"line":258,"column":9}}],"line":254},"51":{"loc":{"start":{"line":263,"column":6},"end":{"line":263,"column":96}},"type":"if","locations":[{"start":{"line":263,"column":6},"end":{"line":263,"column":96}},{"start":{},"end":{}}],"line":263},"52":{"loc":{"start":{"line":263,"column":10},"end":{"line":263,"column":28}},"type":"binary-expr","locations":[{"start":{"line":263,"column":10},"end":{"line":263,"column":15}},{"start":{"line":263,"column":19},"end":{"line":263,"column":28}}],"line":263},"53":{"loc":{"start":{"line":265,"column":6},"end":{"line":265,"column":54}},"type":"if","locations":[{"start":{"line":265,"column":6},"end":{"line":265,"column":54}},{"start":{},"end":{}}],"line":265},"54":{"loc":{"start":{"line":265,"column":38},"end":{"line":265,"column":53}},"type":"binary-expr","locations":[{"start":{"line":265,"column":38},"end":{"line":265,"column":45}},{"start":{"line":265,"column":49},"end":{"line":265,"column":53}}],"line":265},"55":{"loc":{"start":{"line":276,"column":23},"end":{"line":276,"column":40}},"type":"default-arg","locations":[{"start":{"line":276,"column":36},"end":{"line":276,"column":40}}],"line":276},"56":{"loc":{"start":{"line":278,"column":6},"end":{"line":278,"column":28}},"type":"if","locations":[{"start":{"line":278,"column":6},"end":{"line":278,"column":28}},{"start":{},"end":{}}],"line":278},"57":{"loc":{"start":{"line":279,"column":6},"end":{"line":285,"column":7}},"type":"if","locations":[{"start":{"line":279,"column":6},"end":{"line":285,"column":7}},{"start":{},"end":{}}],"line":279},"58":{"loc":{"start":{"line":280,"column":8},"end":{"line":284,"column":9}},"type":"if","locations":[{"start":{"line":280,"column":8},"end":{"line":284,"column":9}},{"start":{"line":282,"column":15},"end":{"line":284,"column":9}}],"line":280},"59":{"loc":{"start":{"line":288,"column":6},"end":{"line":288,"column":96}},"type":"if","locations":[{"start":{"line":288,"column":6},"end":{"line":288,"column":96}},{"start":{},"end":{}}],"line":288},"60":{"loc":{"start":{"line":288,"column":10},"end":{"line":288,"column":28}},"type":"binary-expr","locations":[{"start":{"line":288,"column":10},"end":{"line":288,"column":15}},{"start":{"line":288,"column":19},"end":{"line":288,"column":28}}],"line":288},"61":{"loc":{"start":{"line":291,"column":6},"end":{"line":293,"column":7}},"type":"if","locations":[{"start":{"line":291,"column":6},"end":{"line":293,"column":7}},{"start":{},"end":{}}],"line":291},"62":{"loc":{"start":{"line":291,"column":10},"end":{"line":291,"column":67}},"type":"binary-expr","locations":[{"start":{"line":291,"column":10},"end":{"line":291,"column":20}},{"start":{"line":291,"column":24},"end":{"line":291,"column":28}},{"start":{"line":291,"column":32},"end":{"line":291,"column":40}},{"start":{"line":291,"column":44},"end":{"line":291,"column":67}}],"line":291},"63":{"loc":{"start":{"line":295,"column":6},"end":{"line":295,"column":54}},"type":"if","locations":[{"start":{"line":295,"column":6},"end":{"line":295,"column":54}},{"start":{},"end":{}}],"line":295},"64":{"loc":{"start":{"line":295,"column":38},"end":{"line":295,"column":53}},"type":"binary-expr","locations":[{"start":{"line":295,"column":38},"end":{"line":295,"column":45}},{"start":{"line":295,"column":49},"end":{"line":295,"column":53}}],"line":295},"65":{"loc":{"start":{"line":305,"column":6},"end":{"line":384,"column":7}},"type":"if","locations":[{"start":{"line":305,"column":6},"end":{"line":384,"column":7}},{"start":{"line":381,"column":13},"end":{"line":384,"column":7}}],"line":305},"66":{"loc":{"start":{"line":308,"column":8},"end":{"line":312,"column":9}},"type":"if","locations":[{"start":{"line":308,"column":8},"end":{"line":312,"column":9}},{"start":{},"end":{}}],"line":308},"67":{"loc":{"start":{"line":308,"column":12},"end":{"line":308,"column":60}},"type":"binary-expr","locations":[{"start":{"line":308,"column":12},"end":{"line":308,"column":30}},{"start":{"line":308,"column":34},"end":{"line":308,"column":60}}],"line":308},"68":{"loc":{"start":{"line":309,"column":10},"end":{"line":311,"column":11}},"type":"if","locations":[{"start":{"line":309,"column":10},"end":{"line":311,"column":11}},{"start":{},"end":{}}],"line":309},"69":{"loc":{"start":{"line":313,"column":24},"end":{"line":313,"column":48}},"type":"binary-expr","locations":[{"start":{"line":313,"column":24},"end":{"line":313,"column":42}},{"start":{"line":313,"column":46},"end":{"line":313,"column":48}}],"line":313},"70":{"loc":{"start":{"line":325,"column":27},"end":{"line":325,"column":65}},"type":"binary-expr","locations":[{"start":{"line":325,"column":28},"end":{"line":325,"column":35}},{"start":{"line":325,"column":39},"end":{"line":325,"column":53}},{"start":{"line":325,"column":58},"end":{"line":325,"column":65}}],"line":325},"71":{"loc":{"start":{"line":326,"column":19},"end":{"line":326,"column":56}},"type":"binary-expr","locations":[{"start":{"line":326,"column":19},"end":{"line":326,"column":27}},{"start":{"line":326,"column":31},"end":{"line":326,"column":56}}],"line":326},"72":{"loc":{"start":{"line":336,"column":8},"end":{"line":338,"column":9}},"type":"if","locations":[{"start":{"line":336,"column":8},"end":{"line":338,"column":9}},{"start":{},"end":{}}],"line":336},"73":{"loc":{"start":{"line":347,"column":10},"end":{"line":375,"column":11}},"type":"if","locations":[{"start":{"line":347,"column":10},"end":{"line":375,"column":11}},{"start":{"line":372,"column":17},"end":{"line":375,"column":11}}],"line":347},"74":{"loc":{"start":{"line":350,"column":12},"end":{"line":352,"column":13}},"type":"if","locations":[{"start":{"line":350,"column":12},"end":{"line":352,"column":13}},{"start":{},"end":{}}],"line":350},"75":{"loc":{"start":{"line":356,"column":23},"end":{"line":356,"column":98}},"type":"binary-expr","locations":[{"start":{"line":356,"column":23},"end":{"line":356,"column":35}},{"start":{"line":356,"column":39},"end":{"line":356,"column":98}}],"line":356},"76":{"loc":{"start":{"line":359,"column":12},"end":{"line":371,"column":13}},"type":"if","locations":[{"start":{"line":359,"column":12},"end":{"line":371,"column":13}},{"start":{"line":361,"column":19},"end":{"line":371,"column":13}}],"line":359},"77":{"loc":{"start":{"line":359,"column":16},"end":{"line":359,"column":34}},"type":"binary-expr","locations":[{"start":{"line":359,"column":16},"end":{"line":359,"column":22}},{"start":{"line":359,"column":26},"end":{"line":359,"column":34}}],"line":359},"78":{"loc":{"start":{"line":396,"column":8},"end":{"line":398,"column":9}},"type":"if","locations":[{"start":{"line":396,"column":8},"end":{"line":398,"column":9}},{"start":{},"end":{}}],"line":396},"79":{"loc":{"start":{"line":396,"column":12},"end":{"line":396,"column":57}},"type":"binary-expr","locations":[{"start":{"line":396,"column":12},"end":{"line":396,"column":21}},{"start":{"line":396,"column":25},"end":{"line":396,"column":31}},{"start":{"line":396,"column":35},"end":{"line":396,"column":44}},{"start":{"line":396,"column":48},"end":{"line":396,"column":57}}],"line":396},"80":{"loc":{"start":{"line":408,"column":8},"end":{"line":410,"column":9}},"type":"if","locations":[{"start":{"line":408,"column":8},"end":{"line":410,"column":9}},{"start":{},"end":{}}],"line":408},"81":{"loc":{"start":{"line":433,"column":21},"end":{"line":433,"column":58}},"type":"binary-expr","locations":[{"start":{"line":433,"column":21},"end":{"line":433,"column":50}},{"start":{"line":433,"column":54},"end":{"line":433,"column":58}}],"line":433},"82":{"loc":{"start":{"line":438,"column":21},"end":{"line":438,"column":56}},"type":"binary-expr","locations":[{"start":{"line":438,"column":21},"end":{"line":438,"column":47}},{"start":{"line":438,"column":51},"end":{"line":438,"column":56}}],"line":438},"83":{"loc":{"start":{"line":471,"column":8},"end":{"line":473,"column":9}},"type":"if","locations":[{"start":{"line":471,"column":8},"end":{"line":473,"column":9}},{"start":{},"end":{}}],"line":471},"84":{"loc":{"start":{"line":471,"column":12},"end":{"line":471,"column":45}},"type":"binary-expr","locations":[{"start":{"line":471,"column":12},"end":{"line":471,"column":32}},{"start":{"line":471,"column":36},"end":{"line":471,"column":45}}],"line":471},"85":{"loc":{"start":{"line":471,"column":14},"end":{"line":471,"column":31}},"type":"binary-expr","locations":[{"start":{"line":471,"column":14},"end":{"line":471,"column":22}},{"start":{"line":471,"column":26},"end":{"line":471,"column":31}}],"line":471},"86":{"loc":{"start":{"line":478,"column":17},"end":{"line":478,"column":49}},"type":"cond-expr","locations":[{"start":{"line":478,"column":25},"end":{"line":478,"column":34}},{"start":{"line":478,"column":37},"end":{"line":478,"column":49}}],"line":478},"87":{"loc":{"start":{"line":481,"column":8},"end":{"line":511,"column":9}},"type":"if","locations":[{"start":{"line":481,"column":8},"end":{"line":511,"column":9}},{"start":{},"end":{}}],"line":481},"88":{"loc":{"start":{"line":481,"column":12},"end":{"line":481,"column":67}},"type":"binary-expr","locations":[{"start":{"line":481,"column":12},"end":{"line":481,"column":16}},{"start":{"line":481,"column":21},"end":{"line":481,"column":66}}],"line":481},"89":{"loc":{"start":{"line":493,"column":23},"end":{"line":493,"column":60}},"type":"binary-expr","locations":[{"start":{"line":493,"column":23},"end":{"line":493,"column":52}},{"start":{"line":493,"column":56},"end":{"line":493,"column":60}}],"line":493},"90":{"loc":{"start":{"line":496,"column":23},"end":{"line":496,"column":58}},"type":"binary-expr","locations":[{"start":{"line":496,"column":23},"end":{"line":496,"column":49}},{"start":{"line":496,"column":53},"end":{"line":496,"column":58}}],"line":496}},"s":{"0":1,"1":1,"2":1,"3":1,"4":1,"5":1,"6":1,"7":1,"8":1,"9":0,"10":0,"11":0,"12":0,"13":0,"14":0,"15":0,"16":0,"17":0,"18":0,"19":0,"20":0,"21":0,"22":0,"23":0,"24":0,"25":0,"26":0,"27":0,"28":0,"29":0,"30":0,"31":0,"32":0,"33":0,"34":0,"35":0,"36":0,"37":0,"38":0,"39":0,"40":0,"41":0,"42":0,"43":0,"44":0,"45":0,"46":0,"47":0,"48":0,"49":0,"50":0,"51":0,"52":0,"53":0,"54":0,"55":0,"56":0,"57":0,"58":0,"59":0,"60":0,"61":0,"62":0,"63":0,"64":0,"65":0,"66":0,"67":0,"68":0,"69":0,"70":0,"71":0,"72":0,"73":0,"74":0,"75":0,"76":0,"77":0,"78":0,"79":0,"80":0,"81":0,"82":0,"83":0,"84":0,"85":0,"86":0,"87":0,"88":0,"89":0,"90":0,"91":0,"92":0,"93":0,"94":0,"95":0,"96":0,"97":0,"98":0,"99":0,"100":0,"101":0,"102":0,"103":0,"104":0,"105":0,"106":0,"107":0,"108":0,"109":0,"110":0,"111":0,"112":0,"113":0,"114":0,"115":0,"116":0,"117":0,"118":0,"119":0,"120":0,"121":0,"122":0,"123":0,"124":0,"125":0,"126":0,"127":0,"128":0,"129":0,"130":0,"131":0,"132":0,"133":0,"134":0,"135":0,"136":0,"137":0,"138":0,"139":0,"140":0,"141":0,"142":0,"143":0,"144":0,"145":0,"146":0,"147":0,"148":0,"149":0,"150":0,"151":0,"152":0,"153":0,"154":0,"155":0,"156":0,"157":0,"158":0,"159":0,"160":0,"161":0,"162":0,"163":0,"164":0,"165":0,"166":0,"167":0,"168":0,"169":0,"170":0,"171":0,"172":0,"173":0,"174":0,"175":0,"176":0,"177":0,"178":0,"179":0,"180":0,"181":0,"182":0,"183":0,"184":0,"185":0,"186":0,"187":0,"188":0,"189":0,"190":0,"191":0,"192":0,"193":0,"194":0,"195":0},"f":{"0":0,"1":0,"2":0,"3":0,"4":0,"5":0,"6":0,"7":0,"8":0,"9":0,"10":0,"11":0,"12":0,"13":0,"14":0,"15":0},"b":{"0":[0,0],"1":[0,0],"2":[0,0],"3":[0,0],"4":[0,0],"5":[0,0],"6":[0,0],"7":[0,0],"8":[0,0],"9":[0,0,0,0],"10":[0,0],"11":[0,0],"12":[0,0],"13":[0,0],"14":[0,0],"15":[0,0],"16":[0,0],"17":[0,0],"18":[0],"19":[0,0],"20":[0,0],"21":[0,0],"22":[0,0],"23":[0,0],"24":[0,0],"25":[0,0],"26":[0,0],"27":[0,0],"28":[0,0],"29":[0,0],"30":[0,0],"31":[0,0,0,0,0],"32":[0],"33":[0,0],"34":[0,0],"35":[0,0],"36":[0,0],"37":[0,0],"38":[0,0,0,0],"39":[0,0],"40":[0,0],"41":[0,0],"42":[0,0],"43":[0],"44":[0,0],"45":[0,0,0,0],"46":[0,0],"47":[0,0],"48":[0,0],"49":[0,0],"50":[0,0],"51":[0,0],"52":[0,0],"53":[0,0],"54":[0,0],"55":[0],"56":[0,0],"57":[0,0],"58":[0,0],"59":[0,0],"60":[0,0],"61":[0,0],"62":[0,0,0,0],"63":[0,0],"64":[0,0],"65":[0,0],"66":[0,0],"67":[0,0],"68":[0,0],"69":[0,0],"70":[0,0,0],"71":[0,0],"72":[0,0],"73":[0,0],"74":[0,0],"75":[0,0],"76":[0,0],"77":[0,0],"78":[0,0],"79":[0,0,0,0],"80":[0,0],"81":[0,0],"82":[0,0],"83":[0,0],"84":[0,0],"85":[0,0],"86":[0,0],"87":[0,0],"88":[0,0],"89":[0,0],"90":[0,0]},"_coverageSchema":"1a1c01bbd47fc00a2c39e90264f33305004495a9","hash":"75187ae4b8a6daa596ffef6e2933056f462e966f"}
,"C:\\Users\\User\\Desktop\\SSD\\Projects (my)\\lorinto-api\\mavi\\api\\middlewares\\authorization.js": {"path":"C:\\Users\\User\\Desktop\\SSD\\Projects (my)\\lorinto-api\\mavi\\api\\middlewares\\authorization.js","statementMap":{"0":{"start":{"line":4,"column":12},"end":{"line":4,"column":35}},"1":{"start":{"line":5,"column":21},"end":{"line":5,"column":57}},"2":{"start":{"line":7,"column":22},"end":{"line":27,"column":1}},"3":{"start":{"line":8,"column":2},"end":{"line":11,"column":3}},"4":{"start":{"line":9,"column":4},"end":{"line":10,"column":84}},"5":{"start":{"line":9,"column":36},"end":{"line":9,"column":63}},"6":{"start":{"line":10,"column":9},"end":{"line":10,"column":84}},"7":{"start":{"line":15,"column":2},"end":{"line":26,"column":3}},"8":{"start":{"line":16,"column":20},"end":{"line":16,"column":80}},"9":{"start":{"line":18,"column":4},"end":{"line":18,"column":23}},"10":{"start":{"line":19,"column":4},"end":{"line":19,"column":31}},"11":{"start":{"line":20,"column":4},"end":{"line":20,"column":18}},"12":{"start":{"line":25,"column":4},"end":{"line":25,"column":46}},"13":{"start":{"line":29,"column":0},"end":{"line":29,"column":31}}},"fnMap":{"0":{"name":"(anonymous_0)","decl":{"start":{"line":7,"column":22},"end":{"line":7,"column":23}},"loc":{"start":{"line":7,"column":48},"end":{"line":27,"column":1}},"line":7}},"branchMap":{"0":{"loc":{"start":{"line":8,"column":2},"end":{"line":11,"column":3}},"type":"if","locations":[{"start":{"line":8,"column":2},"end":{"line":11,"column":3}},{"start":{},"end":{}}],"line":8},"1":{"loc":{"start":{"line":9,"column":4},"end":{"line":10,"column":84}},"type":"if","locations":[{"start":{"line":9,"column":4},"end":{"line":10,"column":84}},{"start":{"line":10,"column":9},"end":{"line":10,"column":84}}],"line":9},"2":{"loc":{"start":{"line":9,"column":8},"end":{"line":9,"column":34}},"type":"binary-expr","locations":[{"start":{"line":9,"column":8},"end":{"line":9,"column":16}},{"start":{"line":9,"column":20},"end":{"line":9,"column":34}}],"line":9}},"s":{"0":1,"1":1,"2":1,"3":0,"4":0,"5":0,"6":0,"7":0,"8":0,"9":0,"10":0,"11":0,"12":0,"13":1},"f":{"0":0},"b":{"0":[0,0],"1":[0,0],"2":[0,0]},"_coverageSchema":"1a1c01bbd47fc00a2c39e90264f33305004495a9","hash":"9f075ee782519e690a86944a29c286e331ef0417"}
,"C:\\Users\\User\\Desktop\\SSD\\Projects (my)\\lorinto-api\\mavi\\api\\middlewares\\interceptor.js": {"path":"C:\\Users\\User\\Desktop\\SSD\\Projects (my)\\lorinto-api\\mavi\\api\\middlewares\\interceptor.js","statementMap":{"0":{"start":{"line":4,"column":12},"end":{"line":4,"column":35}},"1":{"start":{"line":7,"column":20},"end":{"line":17,"column":1}},"2":{"start":{"line":8,"column":2},"end":{"line":8,"column":102}},"3":{"start":{"line":10,"column":2},"end":{"line":14,"column":3}},"4":{"start":{"line":11,"column":4},"end":{"line":11,"column":20}},"5":{"start":{"line":13,"column":4},"end":{"line":13,"column":37}},"6":{"start":{"line":16,"column":2},"end":{"line":16,"column":16}},"7":{"start":{"line":19,"column":0},"end":{"line":19,"column":29}}},"fnMap":{"0":{"name":"(anonymous_0)","decl":{"start":{"line":7,"column":20},"end":{"line":7,"column":21}},"loc":{"start":{"line":7,"column":46},"end":{"line":17,"column":1}},"line":7}},"branchMap":{"0":{"loc":{"start":{"line":8,"column":14},"end":{"line":8,"column":101}},"type":"binary-expr","locations":[{"start":{"line":8,"column":14},"end":{"line":8,"column":31}},{"start":{"line":8,"column":35},"end":{"line":8,"column":64}},{"start":{"line":8,"column":68},"end":{"line":8,"column":82}},{"start":{"line":8,"column":86},"end":{"line":8,"column":101}}],"line":8},"1":{"loc":{"start":{"line":10,"column":2},"end":{"line":14,"column":3}},"type":"if","locations":[{"start":{"line":10,"column":2},"end":{"line":14,"column":3}},{"start":{"line":12,"column":9},"end":{"line":14,"column":3}}],"line":10}},"s":{"0":1,"1":1,"2":2,"3":2,"4":2,"5":0,"6":2,"7":1},"f":{"0":2},"b":{"0":[2,2,2,2],"1":[2,0]},"_coverageSchema":"1a1c01bbd47fc00a2c39e90264f33305004495a9","hash":"ed46c636a850b2aa7c9bb682facfa3d29687a749"}
,"C:\\Users\\User\\Desktop\\SSD\\Projects (my)\\lorinto-api\\mavi\\api\\middlewares\\is-owner.js": {"path":"C:\\Users\\User\\Desktop\\SSD\\Projects (my)\\lorinto-api\\mavi\\api\\middlewares\\is-owner.js","statementMap":{"0":{"start":{"line":4,"column":12},"end":{"line":4,"column":35}},"1":{"start":{"line":5,"column":21},"end":{"line":5,"column":57}},"2":{"start":{"line":7,"column":31},"end":{"line":27,"column":1}},"3":{"start":{"line":8,"column":2},"end":{"line":11,"column":3}},"4":{"start":{"line":9,"column":4},"end":{"line":10,"column":93}},"5":{"start":{"line":9,"column":36},"end":{"line":9,"column":63}},"6":{"start":{"line":10,"column":9},"end":{"line":10,"column":93}},"7":{"start":{"line":14,"column":2},"end":{"line":26,"column":3}},"8":{"start":{"line":15,"column":20},"end":{"line":15,"column":74}},"9":{"start":{"line":17,"column":4},"end":{"line":17,"column":23}},"10":{"start":{"line":18,"column":4},"end":{"line":18,"column":24}},"11":{"start":{"line":19,"column":4},"end":{"line":19,"column":31}},"12":{"start":{"line":20,"column":4},"end":{"line":20,"column":18}},"13":{"start":{"line":25,"column":4},"end":{"line":25,"column":46}},"14":{"start":{"line":29,"column":0},"end":{"line":29,"column":40}}},"fnMap":{"0":{"name":"(anonymous_0)","decl":{"start":{"line":7,"column":31},"end":{"line":7,"column":32}},"loc":{"start":{"line":7,"column":57},"end":{"line":27,"column":1}},"line":7}},"branchMap":{"0":{"loc":{"start":{"line":8,"column":2},"end":{"line":11,"column":3}},"type":"if","locations":[{"start":{"line":8,"column":2},"end":{"line":11,"column":3}},{"start":{},"end":{}}],"line":8},"1":{"loc":{"start":{"line":9,"column":4},"end":{"line":10,"column":93}},"type":"if","locations":[{"start":{"line":9,"column":4},"end":{"line":10,"column":93}},{"start":{"line":10,"column":9},"end":{"line":10,"column":93}}],"line":9},"2":{"loc":{"start":{"line":9,"column":8},"end":{"line":9,"column":34}},"type":"binary-expr","locations":[{"start":{"line":9,"column":8},"end":{"line":9,"column":16}},{"start":{"line":9,"column":20},"end":{"line":9,"column":34}}],"line":9}},"s":{"0":1,"1":1,"2":1,"3":0,"4":0,"5":0,"6":0,"7":0,"8":0,"9":0,"10":0,"11":0,"12":0,"13":0,"14":1},"f":{"0":0},"b":{"0":[0,0],"1":[0,0],"2":[0,0]},"_coverageSchema":"1a1c01bbd47fc00a2c39e90264f33305004495a9","hash":"cc68ddc0a5e07013588ec37536e06afd1f014552"}
,"C:\\Users\\User\\Desktop\\SSD\\Projects (my)\\lorinto-api\\mavi\\api\\router\\index.js": {"path":"C:\\Users\\User\\Desktop\\SSD\\Projects (my)\\lorinto-api\\mavi\\api\\router\\index.js","statementMap":{"0":{"start":{"line":2,"column":16},"end":{"line":2,"column":34}},"1":{"start":{"line":3,"column":22},"end":{"line":3,"column":55}},"2":{"start":{"line":4,"column":16},"end":{"line":4,"column":32}},"3":{"start":{"line":5,"column":17},"end":{"line":5,"column":32}},"4":{"start":{"line":8,"column":20},"end":{"line":12,"column":1}},"5":{"start":{"line":15,"column":14},"end":{"line":18,"column":1}},"6":{"start":{"line":21,"column":20},"end":{"line":32,"column":1}},"7":{"start":{"line":34,"column":23},"end":{"line":38,"column":1}},"8":{"start":{"line":35,"column":2},"end":{"line":37,"column":53}},"9":{"start":{"line":35,"column":32},"end":{"line":35,"column":44}},"10":{"start":{"line":36,"column":7},"end":{"line":37,"column":53}},"11":{"start":{"line":36,"column":35},"end":{"line":36,"column":58}},"12":{"start":{"line":37,"column":7},"end":{"line":37,"column":53}},"13":{"start":{"line":40,"column":21},"end":{"line":243,"column":1}},"14":{"start":{"line":41,"column":18},"end":{"line":41,"column":39}},"15":{"start":{"line":43,"column":2},"end":{"line":44,"column":68}},"16":{"start":{"line":43,"column":15},"end":{"line":43,"column":56}},"17":{"start":{"line":44,"column":7},"end":{"line":44,"column":68}},"18":{"start":{"line":44,"column":20},"end":{"line":44,"column":68}},"19":{"start":{"line":48,"column":2},"end":{"line":52,"column":3}},"20":{"start":{"line":49,"column":4},"end":{"line":51,"column":5}},"21":{"start":{"line":50,"column":6},"end":{"line":50,"column":49}},"22":{"start":{"line":54,"column":2},"end":{"line":58,"column":3}},"23":{"start":{"line":55,"column":4},"end":{"line":57,"column":5}},"24":{"start":{"line":56,"column":6},"end":{"line":56,"column":37}},"25":{"start":{"line":61,"column":2},"end":{"line":81,"column":3}},"26":{"start":{"line":63,"column":4},"end":{"line":80,"column":5}},"27":{"start":{"line":64,"column":6},"end":{"line":64,"column":80}},"28":{"start":{"line":64,"column":28},"end":{"line":64,"column":80}},"29":{"start":{"line":65,"column":6},"end":{"line":66,"column":65}},"30":{"start":{"line":66,"column":8},"end":{"line":66,"column":65}},"31":{"start":{"line":67,"column":6},"end":{"line":68,"column":63}},"32":{"start":{"line":68,"column":8},"end":{"line":68,"column":63}},"33":{"start":{"line":84,"column":18},"end":{"line":93,"column":3}},"34":{"start":{"line":96,"column":24},"end":{"line":96,"column":66}},"35":{"start":{"line":99,"column":2},"end":{"line":228,"column":3}},"36":{"start":{"line":100,"column":18},"end":{"line":100,"column":42}},"37":{"start":{"line":101,"column":19},"end":{"line":101,"column":38}},"38":{"start":{"line":104,"column":4},"end":{"line":227,"column":5}},"39":{"start":{"line":106,"column":6},"end":{"line":108,"column":7}},"40":{"start":{"line":107,"column":8},"end":{"line":107,"column":62}},"41":{"start":{"line":111,"column":6},"end":{"line":219,"column":7}},"42":{"start":{"line":113,"column":21},"end":{"line":113,"column":71}},"43":{"start":{"line":116,"column":21},"end":{"line":119,"column":30}},"44":{"start":{"line":122,"column":8},"end":{"line":126,"column":10}},"45":{"start":{"line":128,"column":8},"end":{"line":132,"column":9}},"46":{"start":{"line":129,"column":10},"end":{"line":129,"column":27}},"47":{"start":{"line":137,"column":8},"end":{"line":218,"column":10}},"48":{"start":{"line":144,"column":12},"end":{"line":147,"column":24}},"49":{"start":{"line":150,"column":12},"end":{"line":159,"column":13}},"50":{"start":{"line":151,"column":14},"end":{"line":158,"column":16}},"51":{"start":{"line":153,"column":18},"end":{"line":155,"column":97}},"52":{"start":{"line":154,"column":20},"end":{"line":154,"column":58}},"53":{"start":{"line":155,"column":25},"end":{"line":155,"column":97}},"54":{"start":{"line":156,"column":18},"end":{"line":156,"column":34}},"55":{"start":{"line":162,"column":12},"end":{"line":216,"column":13}},"56":{"start":{"line":163,"column":14},"end":{"line":163,"column":48}},"57":{"start":{"line":167,"column":17},"end":{"line":216,"column":13}},"58":{"start":{"line":169,"column":14},"end":{"line":169,"column":74}},"59":{"start":{"line":173,"column":17},"end":{"line":216,"column":13}},"60":{"start":{"line":175,"column":37},"end":{"line":175,"column":47}},"61":{"start":{"line":176,"column":27},"end":{"line":176,"column":35}},"62":{"start":{"line":177,"column":31},"end":{"line":177,"column":33}},"63":{"start":{"line":180,"column":14},"end":{"line":202,"column":15}},"64":{"start":{"line":184,"column":16},"end":{"line":184,"column":32}},"65":{"start":{"line":185,"column":16},"end":{"line":185,"column":22}},"66":{"start":{"line":187,"column":16},"end":{"line":187,"column":36}},"67":{"start":{"line":188,"column":16},"end":{"line":188,"column":22}},"68":{"start":{"line":190,"column":16},"end":{"line":190,"column":34}},"69":{"start":{"line":191,"column":16},"end":{"line":191,"column":22}},"70":{"start":{"line":193,"column":16},"end":{"line":193,"column":40}},"71":{"start":{"line":194,"column":16},"end":{"line":194,"column":22}},"72":{"start":{"line":196,"column":16},"end":{"line":196,"column":44}},"73":{"start":{"line":197,"column":16},"end":{"line":197,"column":22}},"74":{"start":{"line":201,"column":16},"end":{"line":201,"column":40}},"75":{"start":{"line":204,"column":14},"end":{"line":212,"column":15}},"76":{"start":{"line":206,"column":16},"end":{"line":206,"column":65}},"77":{"start":{"line":209,"column":16},"end":{"line":211,"column":52}},"78":{"start":{"line":215,"column":14},"end":{"line":215,"column":66}},"79":{"start":{"line":221,"column":6},"end":{"line":226,"column":7}},"80":{"start":{"line":225,"column":8},"end":{"line":225,"column":22}},"81":{"start":{"line":231,"column":2},"end":{"line":239,"column":3}},"82":{"start":{"line":232,"column":4},"end":{"line":238,"column":6}},"83":{"start":{"line":242,"column":2},"end":{"line":242,"column":17}},"84":{"start":{"line":245,"column":0},"end":{"line":245,"column":30}}},"fnMap":{"0":{"name":"(anonymous_0)","decl":{"start":{"line":34,"column":23},"end":{"line":34,"column":24}},"loc":{"start":{"line":34,"column":29},"end":{"line":38,"column":1}},"line":34},"1":{"name":"(anonymous_1)","decl":{"start":{"line":40,"column":21},"end":{"line":40,"column":22}},"loc":{"start":{"line":40,"column":69},"end":{"line":243,"column":1}},"line":40},"2":{"name":"(anonymous_2)","decl":{"start":{"line":140,"column":10},"end":{"line":140,"column":11}},"loc":{"start":{"line":140,"column":30},"end":{"line":217,"column":11}},"line":140},"3":{"name":"(anonymous_3)","decl":{"start":{"line":152,"column":32},"end":{"line":152,"column":33}},"loc":{"start":{"line":152,"column":46},"end":{"line":157,"column":17}},"line":152}},"branchMap":{"0":{"loc":{"start":{"line":35,"column":2},"end":{"line":37,"column":53}},"type":"if","locations":[{"start":{"line":35,"column":2},"end":{"line":37,"column":53}},{"start":{"line":36,"column":7},"end":{"line":37,"column":53}}],"line":35},"1":{"loc":{"start":{"line":36,"column":7},"end":{"line":37,"column":53}},"type":"if","locations":[{"start":{"line":36,"column":7},"end":{"line":37,"column":53}},{"start":{"line":37,"column":7},"end":{"line":37,"column":53}}],"line":36},"2":{"loc":{"start":{"line":43,"column":2},"end":{"line":44,"column":68}},"type":"if","locations":[{"start":{"line":43,"column":2},"end":{"line":44,"column":68}},{"start":{"line":44,"column":7},"end":{"line":44,"column":68}}],"line":43},"3":{"loc":{"start":{"line":44,"column":7},"end":{"line":44,"column":68}},"type":"if","locations":[{"start":{"line":44,"column":7},"end":{"line":44,"column":68}},{"start":{},"end":{}}],"line":44},"4":{"loc":{"start":{"line":48,"column":2},"end":{"line":52,"column":3}},"type":"if","locations":[{"start":{"line":48,"column":2},"end":{"line":52,"column":3}},{"start":{},"end":{}}],"line":48},"5":{"loc":{"start":{"line":48,"column":6},"end":{"line":48,"column":66}},"type":"binary-expr","locations":[{"start":{"line":48,"column":6},"end":{"line":48,"column":24}},{"start":{"line":48,"column":28},"end":{"line":48,"column":66}}],"line":48},"6":{"loc":{"start":{"line":54,"column":2},"end":{"line":58,"column":3}},"type":"if","locations":[{"start":{"line":54,"column":2},"end":{"line":58,"column":3}},{"start":{},"end":{}}],"line":54},"7":{"loc":{"start":{"line":54,"column":6},"end":{"line":54,"column":54}},"type":"binary-expr","locations":[{"start":{"line":54,"column":6},"end":{"line":54,"column":18}},{"start":{"line":54,"column":22},"end":{"line":54,"column":54}}],"line":54},"8":{"loc":{"start":{"line":61,"column":2},"end":{"line":81,"column":3}},"type":"if","locations":[{"start":{"line":61,"column":2},"end":{"line":81,"column":3}},{"start":{},"end":{}}],"line":61},"9":{"loc":{"start":{"line":61,"column":6},"end":{"line":61,"column":44}},"type":"binary-expr","locations":[{"start":{"line":61,"column":6},"end":{"line":61,"column":13}},{"start":{"line":61,"column":17},"end":{"line":61,"column":44}}],"line":61},"10":{"loc":{"start":{"line":64,"column":6},"end":{"line":64,"column":80}},"type":"if","locations":[{"start":{"line":64,"column":6},"end":{"line":64,"column":80}},{"start":{},"end":{}}],"line":64},"11":{"loc":{"start":{"line":65,"column":6},"end":{"line":66,"column":65}},"type":"if","locations":[{"start":{"line":65,"column":6},"end":{"line":66,"column":65}},{"start":{},"end":{}}],"line":65},"12":{"loc":{"start":{"line":67,"column":6},"end":{"line":68,"column":63}},"type":"if","locations":[{"start":{"line":67,"column":6},"end":{"line":68,"column":63}},{"start":{},"end":{}}],"line":67},"13":{"loc":{"start":{"line":106,"column":6},"end":{"line":108,"column":7}},"type":"if","locations":[{"start":{"line":106,"column":6},"end":{"line":108,"column":7}},{"start":{},"end":{}}],"line":106},"14":{"loc":{"start":{"line":111,"column":6},"end":{"line":219,"column":7}},"type":"if","locations":[{"start":{"line":111,"column":6},"end":{"line":219,"column":7}},{"start":{"line":136,"column":11},"end":{"line":219,"column":7}}],"line":111},"15":{"loc":{"start":{"line":113,"column":24},"end":{"line":113,"column":34}},"type":"binary-expr","locations":[{"start":{"line":113,"column":24},"end":{"line":113,"column":28}},{"start":{"line":113,"column":32},"end":{"line":113,"column":34}}],"line":113},"16":{"loc":{"start":{"line":117,"column":10},"end":{"line":118,"column":64}},"type":"binary-expr","locations":[{"start":{"line":117,"column":10},"end":{"line":117,"column":24}},{"start":{"line":118,"column":10},"end":{"line":118,"column":64}}],"line":117},"17":{"loc":{"start":{"line":118,"column":15},"end":{"line":118,"column":49}},"type":"binary-expr","locations":[{"start":{"line":118,"column":15},"end":{"line":118,"column":32}},{"start":{"line":118,"column":36},"end":{"line":118,"column":49}}],"line":118},"18":{"loc":{"start":{"line":128,"column":8},"end":{"line":132,"column":9}},"type":"if","locations":[{"start":{"line":128,"column":8},"end":{"line":132,"column":9}},{"start":{},"end":{}}],"line":128},"19":{"loc":{"start":{"line":145,"column":14},"end":{"line":147,"column":23}},"type":"cond-expr","locations":[{"start":{"line":146,"column":18},"end":{"line":146,"column":45}},{"start":{"line":147,"column":18},"end":{"line":147,"column":23}}],"line":145},"20":{"loc":{"start":{"line":150,"column":12},"end":{"line":159,"column":13}},"type":"if","locations":[{"start":{"line":150,"column":12},"end":{"line":159,"column":13}},{"start":{},"end":{}}],"line":150},"21":{"loc":{"start":{"line":153,"column":18},"end":{"line":155,"column":97}},"type":"if","locations":[{"start":{"line":153,"column":18},"end":{"line":155,"column":97}},{"start":{"line":155,"column":25},"end":{"line":155,"column":97}}],"line":153},"22":{"loc":{"start":{"line":162,"column":12},"end":{"line":216,"column":13}},"type":"if","locations":[{"start":{"line":162,"column":12},"end":{"line":216,"column":13}},{"start":{"line":167,"column":17},"end":{"line":216,"column":13}}],"line":162},"23":{"loc":{"start":{"line":167,"column":17},"end":{"line":216,"column":13}},"type":"if","locations":[{"start":{"line":167,"column":17},"end":{"line":216,"column":13}},{"start":{"line":173,"column":17},"end":{"line":216,"column":13}}],"line":167},"24":{"loc":{"start":{"line":173,"column":17},"end":{"line":216,"column":13}},"type":"if","locations":[{"start":{"line":173,"column":17},"end":{"line":216,"column":13}},{"start":{"line":213,"column":19},"end":{"line":216,"column":13}}],"line":173},"25":{"loc":{"start":{"line":173,"column":21},"end":{"line":173,"column":73}},"type":"binary-expr","locations":[{"start":{"line":173,"column":21},"end":{"line":173,"column":59}},{"start":{"line":173,"column":63},"end":{"line":173,"column":73}}],"line":173},"26":{"loc":{"start":{"line":180,"column":14},"end":{"line":202,"column":15}},"type":"switch","locations":[{"start":{"line":181,"column":14},"end":{"line":181,"column":26}},{"start":{"line":182,"column":14},"end":{"line":182,"column":27}},{"start":{"line":183,"column":14},"end":{"line":185,"column":22}},{"start":{"line":186,"column":14},"end":{"line":188,"column":22}},{"start":{"line":189,"column":14},"end":{"line":191,"column":22}},{"start":{"line":192,"column":14},"end":{"line":194,"column":22}},{"start":{"line":195,"column":14},"end":{"line":197,"column":22}},{"start":{"line":198,"column":14},"end":{"line":198,"column":27}},{"start":{"line":199,"column":14},"end":{"line":199,"column":28}},{"start":{"line":200,"column":14},"end":{"line":201,"column":40}}],"line":180},"27":{"loc":{"start":{"line":204,"column":14},"end":{"line":212,"column":15}},"type":"if","locations":[{"start":{"line":204,"column":14},"end":{"line":212,"column":15}},{"start":{"line":207,"column":21},"end":{"line":212,"column":15}}],"line":204},"28":{"loc":{"start":{"line":204,"column":18},"end":{"line":204,"column":49}},"type":"binary-expr","locations":[{"start":{"line":204,"column":18},"end":{"line":204,"column":28}},{"start":{"line":204,"column":32},"end":{"line":204,"column":49}}],"line":204},"29":{"loc":{"start":{"line":221,"column":6},"end":{"line":226,"column":7}},"type":"if","locations":[{"start":{"line":221,"column":6},"end":{"line":226,"column":7}},{"start":{},"end":{}}],"line":221},"30":{"loc":{"start":{"line":231,"column":2},"end":{"line":239,"column":3}},"type":"if","locations":[{"start":{"line":231,"column":2},"end":{"line":239,"column":3}},{"start":{},"end":{}}],"line":231},"31":{"loc":{"start":{"line":233,"column":17},"end":{"line":233,"column":41}},"type":"binary-expr","locations":[{"start":{"line":233,"column":17},"end":{"line":233,"column":29}},{"start":{"line":233,"column":33},"end":{"line":233,"column":41}}],"line":233},"32":{"loc":{"start":{"line":235,"column":16},"end":{"line":235,"column":42}},"type":"cond-expr","locations":[{"start":{"line":235,"column":30},"end":{"line":235,"column":34}},{"start":{"line":235,"column":37},"end":{"line":235,"column":42}}],"line":235},"33":{"loc":{"start":{"line":236,"column":8},"end":{"line":236,"column":37}},"type":"cond-expr","locations":[{"start":{"line":236,"column":25},"end":{"line":236,"column":29}},{"start":{"line":236,"column":32},"end":{"line":236,"column":37}}],"line":236}},"s":{"0":1,"1":1,"2":1,"3":1,"4":1,"5":1,"6":1,"7":1,"8":4,"9":0,"10":4,"11":4,"12":0,"13":1,"14":2,"15":2,"16":0,"17":2,"18":0,"19":2,"20":0,"21":0,"22":2,"23":0,"24":0,"25":2,"26":0,"27":0,"28":0,"29":0,"30":0,"31":0,"32":0,"33":2,"34":2,"35":2,"36":3,"37":3,"38":3,"39":4,"40":0,"41":4,"42":1,"43":1,"44":1,"45":1,"46":1,"47":3,"48":0,"49":0,"50":0,"51":0,"52":0,"53":0,"54":0,"55":0,"56":0,"57":0,"58":0,"59":0,"60":0,"61":0,"62":0,"63":0,"64":0,"65":0,"66":0,"67":0,"68":0,"69":0,"70":0,"71":0,"72":0,"73":0,"74":0,"75":0,"76":0,"77":0,"78":0,"79":4,"80":4,"81":2,"82":2,"83":2,"84":1},"f":{"0":4,"1":2,"2":0,"3":0},"b":{"0":[0,4],"1":[4,0],"2":[0,2],"3":[0,2],"4":[0,2],"5":[2,0],"6":[0,2],"7":[2,0],"8":[0,2],"9":[2,0],"10":[0,0],"11":[0,0],"12":[0,0],"13":[0,4],"14":[1,3],"15":[1,0],"16":[1,1],"17":[1,1],"18":[1,0],"19":[0,0],"20":[0,0],"21":[0,0],"22":[0,0],"23":[0,0],"24":[0,0],"25":[0,0],"26":[0,0,0,0,0,0,0,0,0,0],"27":[0,0],"28":[0,0],"29":[4,0],"30":[2,0],"31":[2,0],"32":[2,0],"33":[1,1]},"_coverageSchema":"1a1c01bbd47fc00a2c39e90264f33305004495a9","hash":"b0900136668f3ad5e18cdc4b149edc8c23a341f1"}
,"C:\\Users\\User\\Desktop\\SSD\\Projects (my)\\lorinto-api\\mavi\\api\\router\\utils\\hydrate-routes.js": {"path":"C:\\Users\\User\\Desktop\\SSD\\Projects (my)\\lorinto-api\\mavi\\api\\router\\utils\\hydrate-routes.js","statementMap":{"0":{"start":{"line":1,"column":0},"end":{"line":149,"column":2}},"1":{"start":{"line":2,"column":2},"end":{"line":2,"column":41}},"2":{"start":{"line":2,"column":22},"end":{"line":2,"column":41}},"3":{"start":{"line":4,"column":24},"end":{"line":101,"column":3}},"4":{"start":{"line":5,"column":4},"end":{"line":98,"column":5}},"5":{"start":{"line":6,"column":6},"end":{"line":6,"column":78}},"6":{"start":{"line":6,"column":25},"end":{"line":6,"column":78}},"7":{"start":{"line":7,"column":6},"end":{"line":7,"column":102}},"8":{"start":{"line":7,"column":40},"end":{"line":7,"column":102}},"9":{"start":{"line":10,"column":6},"end":{"line":97,"column":7}},"10":{"start":{"line":14,"column":8},"end":{"line":23,"column":9}},"11":{"start":{"line":16,"column":10},"end":{"line":22,"column":11}},"12":{"start":{"line":17,"column":12},"end":{"line":17,"column":34}},"13":{"start":{"line":21,"column":12},"end":{"line":21,"column":51}},"14":{"start":{"line":25,"column":8},"end":{"line":25,"column":85}},"15":{"start":{"line":25,"column":25},"end":{"line":25,"column":85}},"16":{"start":{"line":28,"column":8},"end":{"line":28,"column":66}},"17":{"start":{"line":31,"column":8},"end":{"line":32,"column":71}},"18":{"start":{"line":31,"column":39},"end":{"line":31,"column":75}},"19":{"start":{"line":32,"column":13},"end":{"line":32,"column":71}},"20":{"start":{"line":35,"column":8},"end":{"line":91,"column":9}},"21":{"start":{"line":40,"column":10},"end":{"line":40,"column":86}},"22":{"start":{"line":40,"column":28},"end":{"line":40,"column":86}},"23":{"start":{"line":41,"column":10},"end":{"line":43,"column":11}},"24":{"start":{"line":42,"column":12},"end":{"line":42,"column":108}},"25":{"start":{"line":45,"column":10},"end":{"line":48,"column":11}},"26":{"start":{"line":47,"column":12},"end":{"line":47,"column":33}},"27":{"start":{"line":49,"column":10},"end":{"line":52,"column":11}},"28":{"start":{"line":50,"column":12},"end":{"line":50,"column":67}},"29":{"start":{"line":51,"column":12},"end":{"line":51,"column":38}},"30":{"start":{"line":53,"column":10},"end":{"line":56,"column":11}},"31":{"start":{"line":54,"column":12},"end":{"line":54,"column":71}},"32":{"start":{"line":55,"column":12},"end":{"line":55,"column":40}},"33":{"start":{"line":61,"column":10},"end":{"line":61,"column":88}},"34":{"start":{"line":61,"column":29},"end":{"line":61,"column":88}},"35":{"start":{"line":64,"column":10},"end":{"line":64,"column":52}},"36":{"start":{"line":64,"column":35},"end":{"line":64,"column":52}},"37":{"start":{"line":67,"column":10},"end":{"line":82,"column":11}},"38":{"start":{"line":71,"column":12},"end":{"line":73,"column":13}},"39":{"start":{"line":72,"column":14},"end":{"line":72,"column":51}},"40":{"start":{"line":76,"column":12},"end":{"line":81,"column":13}},"41":{"start":{"line":77,"column":44},"end":{"line":77,"column":60}},"42":{"start":{"line":79,"column":14},"end":{"line":79,"column":44}},"43":{"start":{"line":80,"column":14},"end":{"line":80,"column":38}},"44":{"start":{"line":85,"column":10},"end":{"line":90,"column":11}},"45":{"start":{"line":86,"column":12},"end":{"line":86,"column":103}},"46":{"start":{"line":86,"column":84},"end":{"line":86,"column":101}},"47":{"start":{"line":88,"column":15},"end":{"line":90,"column":11}},"48":{"start":{"line":89,"column":12},"end":{"line":89,"column":73}},"49":{"start":{"line":96,"column":8},"end":{"line":96,"column":41}},"50":{"start":{"line":100,"column":4},"end":{"line":100,"column":18}},"51":{"start":{"line":103,"column":23},"end":{"line":105,"column":3}},"52":{"start":{"line":104,"column":4},"end":{"line":104,"column":45}},"53":{"start":{"line":108,"column":28},"end":{"line":146,"column":3}},"54":{"start":{"line":109,"column":18},"end":{"line":109,"column":43}},"55":{"start":{"line":110,"column":24},"end":{"line":110,"column":92}},"56":{"start":{"line":113,"column":4},"end":{"line":143,"column":5}},"57":{"start":{"line":114,"column":6},"end":{"line":114,"column":104}},"58":{"start":{"line":117,"column":6},"end":{"line":117,"column":52}},"59":{"start":{"line":117,"column":33},"end":{"line":117,"column":52}},"60":{"start":{"line":118,"column":6},"end":{"line":118,"column":52}},"61":{"start":{"line":118,"column":33},"end":{"line":118,"column":52}},"62":{"start":{"line":121,"column":6},"end":{"line":127,"column":7}},"63":{"start":{"line":123,"column":8},"end":{"line":123,"column":79}},"64":{"start":{"line":123,"column":70},"end":{"line":123,"column":79}},"65":{"start":{"line":126,"column":8},"end":{"line":126,"column":72}},"66":{"start":{"line":126,"column":45},"end":{"line":126,"column":72}},"67":{"start":{"line":130,"column":6},"end":{"line":130,"column":67}},"68":{"start":{"line":130,"column":48},"end":{"line":130,"column":67}},"69":{"start":{"line":133,"column":6},"end":{"line":142,"column":7}},"70":{"start":{"line":135,"column":8},"end":{"line":135,"column":78}},"71":{"start":{"line":135,"column":44},"end":{"line":135,"column":78}},"72":{"start":{"line":138,"column":8},"end":{"line":138,"column":77}},"73":{"start":{"line":141,"column":8},"end":{"line":141,"column":82}},"74":{"start":{"line":145,"column":4},"end":{"line":145,"column":17}},"75":{"start":{"line":148,"column":2},"end":{"line":148,"column":25}}},"fnMap":{"0":{"name":"(anonymous_0)","decl":{"start":{"line":1,"column":17},"end":{"line":1,"column":18}},"loc":{"start":{"line":1,"column":50},"end":{"line":149,"column":1}},"line":1},"1":{"name":"(anonymous_1)","decl":{"start":{"line":4,"column":24},"end":{"line":4,"column":25}},"loc":{"start":{"line":4,"column":30},"end":{"line":101,"column":3}},"line":4},"2":{"name":"(anonymous_2)","decl":{"start":{"line":86,"column":74},"end":{"line":86,"column":75}},"loc":{"start":{"line":86,"column":84},"end":{"line":86,"column":101}},"line":86},"3":{"name":"(anonymous_3)","decl":{"start":{"line":103,"column":23},"end":{"line":103,"column":24}},"loc":{"start":{"line":103,"column":33},"end":{"line":105,"column":3}},"line":103},"4":{"name":"(anonymous_4)","decl":{"start":{"line":108,"column":28},"end":{"line":108,"column":29}},"loc":{"start":{"line":108,"column":43},"end":{"line":146,"column":3}},"line":108}},"branchMap":{"0":{"loc":{"start":{"line":2,"column":2},"end":{"line":2,"column":41}},"type":"if","locations":[{"start":{"line":2,"column":2},"end":{"line":2,"column":41}},{"start":{},"end":{}}],"line":2},"1":{"loc":{"start":{"line":6,"column":6},"end":{"line":6,"column":78}},"type":"if","locations":[{"start":{"line":6,"column":6},"end":{"line":6,"column":78}},{"start":{},"end":{}}],"line":6},"2":{"loc":{"start":{"line":7,"column":6},"end":{"line":7,"column":102}},"type":"if","locations":[{"start":{"line":7,"column":6},"end":{"line":7,"column":102}},{"start":{},"end":{}}],"line":7},"3":{"loc":{"start":{"line":14,"column":8},"end":{"line":23,"column":9}},"type":"if","locations":[{"start":{"line":14,"column":8},"end":{"line":23,"column":9}},{"start":{},"end":{}}],"line":14},"4":{"loc":{"start":{"line":16,"column":10},"end":{"line":22,"column":11}},"type":"if","locations":[{"start":{"line":16,"column":10},"end":{"line":22,"column":11}},{"start":{"line":20,"column":15},"end":{"line":22,"column":11}}],"line":16},"5":{"loc":{"start":{"line":25,"column":8},"end":{"line":25,"column":85}},"type":"if","locations":[{"start":{"line":25,"column":8},"end":{"line":25,"column":85}},{"start":{},"end":{}}],"line":25},"6":{"loc":{"start":{"line":31,"column":8},"end":{"line":32,"column":71}},"type":"if","locations":[{"start":{"line":31,"column":8},"end":{"line":32,"column":71}},{"start":{"line":32,"column":13},"end":{"line":32,"column":71}}],"line":31},"7":{"loc":{"start":{"line":35,"column":8},"end":{"line":91,"column":9}},"type":"if","locations":[{"start":{"line":35,"column":8},"end":{"line":91,"column":9}},{"start":{"line":60,"column":13},"end":{"line":91,"column":9}}],"line":35},"8":{"loc":{"start":{"line":40,"column":10},"end":{"line":40,"column":86}},"type":"if","locations":[{"start":{"line":40,"column":10},"end":{"line":40,"column":86}},{"start":{},"end":{}}],"line":40},"9":{"loc":{"start":{"line":41,"column":10},"end":{"line":43,"column":11}},"type":"if","locations":[{"start":{"line":41,"column":10},"end":{"line":43,"column":11}},{"start":{},"end":{}}],"line":41},"10":{"loc":{"start":{"line":41,"column":14},"end":{"line":41,"column":58}},"type":"binary-expr","locations":[{"start":{"line":41,"column":14},"end":{"line":41,"column":33}},{"start":{"line":41,"column":37},"end":{"line":41,"column":58}}],"line":41},"11":{"loc":{"start":{"line":45,"column":10},"end":{"line":48,"column":11}},"type":"if","locations":[{"start":{"line":45,"column":10},"end":{"line":48,"column":11}},{"start":{},"end":{}}],"line":45},"12":{"loc":{"start":{"line":49,"column":10},"end":{"line":52,"column":11}},"type":"if","locations":[{"start":{"line":49,"column":10},"end":{"line":52,"column":11}},{"start":{},"end":{}}],"line":49},"13":{"loc":{"start":{"line":49,"column":14},"end":{"line":49,"column":49}},"type":"binary-expr","locations":[{"start":{"line":49,"column":14},"end":{"line":49,"column":27}},{"start":{"line":49,"column":31},"end":{"line":49,"column":49}}],"line":49},"14":{"loc":{"start":{"line":53,"column":10},"end":{"line":56,"column":11}},"type":"if","locations":[{"start":{"line":53,"column":10},"end":{"line":56,"column":11}},{"start":{},"end":{}}],"line":53},"15":{"loc":{"start":{"line":53,"column":14},"end":{"line":53,"column":53}},"type":"binary-expr","locations":[{"start":{"line":53,"column":14},"end":{"line":53,"column":29}},{"start":{"line":53,"column":33},"end":{"line":53,"column":53}}],"line":53},"16":{"loc":{"start":{"line":61,"c
[...]
":{"start":{"line":35,"column":10},"end":{"line":35,"column":67}},"19":{"start":{"line":35,"column":32},"end":{"line":35,"column":67}},"20":{"start":{"line":38,"column":6},"end":{"line":38,"column":63}},"21":{"start":{"line":38,"column":28},"end":{"line":38,"column":63}},"22":{"start":{"line":41,"column":4},"end":{"line":43,"column":5}},"23":{"start":{"line":42,"column":6},"end":{"line":42,"column":54}},"24":{"start":{"line":45,"column":4},"end":{"line":47,"column":5}},"25":{"start":{"line":46,"column":6},"end":{"line":46,"column":56}},"26":{"start":{"line":49,"column":4},"end":{"line":51,"column":5}},"27":{"start":{"line":50,"column":6},"end":{"line":50,"column":57}},"28":{"start":{"line":53,"column":4},"end":{"line":55,"column":5}},"29":{"start":{"line":54,"column":6},"end":{"line":54,"column":56}},"30":{"start":{"line":57,"column":4},"end":{"line":59,"column":5}},"31":{"start":{"line":58,"column":6},"end":{"line":58,"column":54}},"32":{"start":{"line":61,"column":4},"end":{"line":63,"column":5}},"33":{"start":{"line":62,"column":6},"end":{"line":62,"column":50}},"34":{"start":{"line":65,"column":4},"end":{"line":65,"column":20}}},"fnMap":{"0":{"name":"(anonymous_0)","decl":{"start":{"line":4,"column":17},"end":{"line":4,"column":18}},"loc":{"start":{"line":4,"column":35},"end":{"line":67,"column":1}},"line":4},"1":{"name":"(anonymous_1)","decl":{"start":{"line":5,"column":21},"end":{"line":5,"column":22}},"loc":{"start":{"line":5,"column":42},"end":{"line":66,"column":3}},"line":5}},"branchMap":{"0":{"loc":{"start":{"line":6,"column":4},"end":{"line":8,"column":5}},"type":"if","locations":[{"start":{"line":6,"column":4},"end":{"line":8,"column":5}},{"start":{},"end":{}}],"line":6},"1":{"loc":{"start":{"line":12,"column":6},"end":{"line":12,"column":55}},"type":"if","locations":[{"start":{"line":12,"column":6},"end":{"line":12,"column":55}},{"start":{},"end":{}}],"line":12},"2":{"loc":{"start":{"line":17,"column":4},"end":{"line":19,"column":5}},"type":"if","locations":[{"start":{"line":17,"column":4},"end":{"line":19,"column":5}},{"start":{},"end":{}}],"line":17},"3":{"loc":{"start":{"line":23,"column":6},"end":{"line":36,"column":7}},"type":"switch","locations":[{"start":{"line":24,"column":8},"end":{"line":32,"column":16}},{"start":{"line":33,"column":8},"end":{"line":35,"column":67}}],"line":23},"4":{"loc":{"start":{"line":25,"column":10},"end":{"line":31,"column":11}},"type":"if","locations":[{"start":{"line":25,"column":10},"end":{"line":31,"column":11}},{"start":{},"end":{}}],"line":25},"5":{"loc":{"start":{"line":27,"column":12},"end":{"line":27,"column":87}},"type":"if","locations":[{"start":{"line":27,"column":12},"end":{"line":27,"column":87}},{"start":{},"end":{}}],"line":27},"6":{"loc":{"start":{"line":30,"column":12},"end":{"line":30,"column":91}},"type":"if","locations":[{"start":{"line":30,"column":12},"end":{"line":30,"column":91}},{"start":{},"end":{}}],"line":30},"7":{"loc":{"start":{"line":35,"column":10},"end":{"line":35,"column":67}},"type":"if","locations":[{"start":{"line":35,"column":10},"end":{"line":35,"column":67}},{"start":{},"end":{}}],"line":35},"8":{"loc":{"start":{"line":38,"column":6},"end":{"line":38,"column":63}},"type":"if","locations":[{"start":{"line":38,"column":6},"end":{"line":38,"column":63}},{"start":{},"end":{}}],"line":38},"9":{"loc":{"start":{"line":41,"column":4},"end":{"line":43,"column":5}},"type":"if","locations":[{"start":{"line":41,"column":4},"end":{"line":43,"column":5}},{"start":{},"end":{}}],"line":41},"10":{"loc":{"start":{"line":45,"column":4},"end":{"line":47,"column":5}},"type":"if","locations":[{"start":{"line":45,"column":4},"end":{"line":47,"column":5}},{"start":{},"end":{}}],"line":45},"11":{"loc":{"start":{"line":49,"column":4},"end":{"line":51,"column":5}},"type":"if","locations":[{"start":{"line":49,"column":4},"end":{"line":51,"column":5}},{"start":{},"end":{}}],"line":49},"12":{"loc":{"start":{"line":53,"column":4},"end":{"line":55,"column":5}},"type":"if","locations":[{"start":{"line":53,"column":4},"end":{"line":55,"column":5}},{"start":{},"end":{}}],"line":53},"13":{"loc":{"start":{"line":57,"column":4},"end":{"line":59,"column":5}},"type":"if","locations":[{"start":{"line":57,"column":4},"end":{"line":59,"column":5}},{"start":{},"end":{}}],"line":57},"14":{"loc":{"start":{"line":61,"column":4},"end":{"line":63,"column":5}},"type":"if","locations":[{"start":{"line":61,"column":4},"end":{"line":63,"column":5}},{"start":{},"end":{}}],"line":61},"15":{"loc":{"start":{"line":61,"column":8},"end":{"line":61,"column":87}},"type":"binary-expr","locations":[{"start":{"line":61,"column":8},"end":{"line":61,"column":23}},{"start":{"line":61,"column":27},"end":{"line":61,"column":87}}],"line":61},"16":{"loc":{"start":{"line":61,"column":29},"end":{"line":61,"column":86}},"type":"binary-expr","locations":[{"start":{"line":61,"column":29},"end":{"line":61,"column":56}},{"start":{"line":61,"column":60},"end":{"line":61,"column":86}}],"line":61}},"s":{"0":1,"1":1,"2":1,"3":1,"4":0,"5":1,"6":8,"7":4,"8":1,"9":0,"10":1,"11":3,"12":1,"13":0,"14":0,"15":0,"16":0,"17":1,"18":2,"19":0,"20":3,"21":0,"22":1,"23":0,"24":1,"25":0,"26":1,"27":0,"28":1,"29":0,"30":1,"31":0,"32":1,"33":0,"34":1},"f":{"0":1,"1":1},"b":{"0":[0,1],"1":[4,4],"2":[0,1],"3":[1,2],"4":[0,1],"5":[0,0],"6":[0,0],"7":[0,2],"8":[0,3],"9":[0,1],"10":[0,1],"11":[0,1],"12":[0,1],"13":[0,1],"14":[0,1],"15":[1,1],"16":[1,0]},"_coverageSchema":"1a1c01bbd47fc00a2c39e90264f33305004495a9","hash":"a10dbc2565ee881faec9d8760e8c1f0b76c7e6d0"}
,"C:\\Users\\User\\Desktop\\SSD\\Projects (my)\\lorinto-api\\mavi\\api\\utils\\detect-language.js": {"path":"C:\\Users\\User\\Desktop\\SSD\\Projects (my)\\lorinto-api\\mavi\\api\\utils\\detect-language.js","statementMap":{"0":{"start":{"line":4,"column":23},"end":{"line":4,"column":48}},"1":{"start":{"line":5,"column":20},"end":{"line":5,"column":40}},"2":{"start":{"line":7,"column":0},"end":{"line":20,"column":2}},"3":{"start":{"line":8,"column":2},"end":{"line":18,"column":46}},"4":{"start":{"line":9,"column":4},"end":{"line":17,"column":67}},"5":{"start":{"line":9,"column":25},"end":{"line":9,"column":40}},"6":{"start":{"line":11,"column":22},"end":{"line":11,"column":48}},"7":{"start":{"line":14,"column":33},"end":{"line":14,"column":63}},"8":{"start":{"line":16,"column":6},"end":{"line":16,"column":26}},"9":{"start":{"line":17,"column":11},"end":{"line":17,"column":67}},"10":{"start":{"line":18,"column":9},"end":{"line":18,"column":46}},"11":{"start":{"line":19,"column":2},"end":{"line":19,"column":14}}},"fnMap":{"0":{"name":"(anonymous_0)","decl":{"start":{"line":7,"column":17},"end":{"line":7,"column":18}},"loc":{"start":{"line":7,"column":39},"end":{"line":20,"column":1}},"line":7},"1":{"name":"(anonymous_1)","decl":{"start":{"line":9,"column":20},"end":{"line":9,"column":21}},"loc":{"start":{"line":9,"column":25},"end":{"line":9,"column":40}},"line":9}},"branchMap":{"0":{"loc":{"start":{"line":8,"column":2},"end":{"line":18,"column":46}},"type":"if","locations":[{"start":{"line":8,"column":2},"end":{"line":18,"column":46}},{"start":{"line":18,"column":9},"end":{"line":18,"column":46}}],"line":8},"1":{"loc":{"start":{"line":9,"column":4},"end":{"line":17,"column":67}},"type":"if","locations":[{"start":{"line":9,"column":4},"end":{"line":17,"column":67}},{"start":{"line":17,"column":11},"end":{"line":17,"column":67}}],"line":9},"2":{"loc":{"start":{"line":9,"column":8},"end":{"line":9,"column":63}},"type":"binary-expr","locations":[{"start":{"line":9,"column":8},"end":{"line":9,"column":41}},{"start":{"line":9,"column":45},"end":{"line":9,"column":63}}],"line":9}},"s":{"0":1,"1":1,"2":1,"3":0,"4":0,"5":0,"6":0,"7":0,"8":0,"9":0,"10":0,"11":0},"f":{"0":0,"1":0},"b":{"0":[0,0],"1":[0,0],"2":[0,0]},"_coverageSchema":"1a1c01bbd47fc00a2c39e90264f33305004495a9","hash":"060ab12302a2d7cc850d5589b05c9dd95a82d3aa"}
,"C:\\Users\\User\\Desktop\\SSD\\Projects (my)\\lorinto-api\\mavi\\api\\utils\\sanitize.js": {"path":"C:\\Users\\User\\Desktop\\SSD\\Projects (my)\\lorinto-api\\mavi\\api\\utils\\sanitize.js","statementMap":{"0":{"start":{"line":2,"column":0},"end":{"line":41,"column":2}},"1":{"start":{"line":3,"column":2},"end":{"line":39,"column":3}},"2":{"start":{"line":4,"column":22},"end":{"line":4,"column":24}},"3":{"start":{"line":7,"column":4},"end":{"line":16,"column":7}},"4":{"start":{"line":8,"column":6},"end":{"line":15,"column":7}},"5":{"start":{"line":13,"column":8},"end":{"line":13,"column":31}},"6":{"start":{"line":19,"column":4},"end":{"line":36,"column":5}},"7":{"start":{"line":20,"column":6},"end":{"line":35,"column":7}},"8":{"start":{"line":22,"column":8},"end":{"line":22,"column":52}},"9":{"start":{"line":24,"column":11},"end":{"line":35,"column":7}},"10":{"start":{"line":26,"column":8},"end":{"line":26,"column":28}},"11":{"start":{"line":28,"column":11},"end":{"line":35,"column":7}},"12":{"start":{"line":30,"column":8},"end":{"line":33,"column":11}},"13":{"start":{"line":31,"column":10},"end":{"line":32,"column":27}},"14":{"start":{"line":31,"column":48},"end":{"line":31,"column":71}},"15":{"start":{"line":32,"column":15},"end":{"line":32,"column":27}},"16":{"start":{"line":34,"column":8},"end":{"line":34,"column":52}},"17":{"start":{"line":38,"column":4},"end":{"line":38,"column":21}},"18":{"start":{"line":40,"column":2},"end":{"line":40,"column":14}}},"fnMap":{"0":{"name":"(anonymous_0)","decl":{"start":{"line":2,"column":17},"end":{"line":2,"column":18}},"loc":{"start":{"line":2,"column":39},"end":{"line":41,"column":1}},"line":2},"1":{"name":"(anonymous_1)","decl":{"start":{"line":7,"column":19},"end":{"line":7,"column":20}},"loc":{"start":{"line":7,"column":24},"end":{"line":16,"column":5}},"line":7},"2":{"name":"(anonymous_2)","decl":{"start":{"line":30,"column":40},"end":{"line":30,"column":41}},"loc":{"start":{"line":30,"column":48},"end":{"line":33,"column":9}},"line":30}},"branchMap":{"0":{"loc":{"start":{"line":3,"column":2},"end":{"line":39,"column":3}},"type":"if","locations":[{"start":{"line":3,"column":2},"end":{"line":39,"column":3}},{"start":{},"end":{}}],"line":3},"1":{"loc":{"start":{"line":8,"column":6},"end":{"line":15,"column":7}},"type":"if","locations":[{"start":{"line":8,"column":6},"end":{"line":15,"column":7}},{"start":{},"end":{}}],"line":8},"2":{"loc":{"start":{"line":20,"column":6},"end":{"line":35,"column":7}},"type":"if","locations":[{"start":{"line":20,"column":6},"end":{"line":35,"column":7}},{"start":{"line":24,"column":11},"end":{"line":35,"column":7}}],"line":20},"3":{"loc":{"start":{"line":20,"column":10},"end":{"line":20,"column":82}},"type":"binary-expr","locations":[{"start":{"line":20,"column":10},"end":{"line":20,"column":22}},{"start":{"line":20,"column":26},"end":{"line":20,"column":58}},{"start":{"line":20,"column":62},"end":{"line":20,"column":82}}],"line":20},"4":{"loc":{"start":{"line":22,"column":23},"end":{"line":22,"column":51}},"type":"binary-expr","locations":[{"start":{"line":22,"column":23},"end":{"line":22,"column":38}},{"start":{"line":22,"column":42},"end":{"line":22,"column":51}}],"line":22},"5":{"loc":{"start":{"line":24,"column":11},"end":{"line":35,"column":7}},"type":"if","locations":[{"start":{"line":24,"column":11},"end":{"line":35,"column":7}},{"start":{"line":28,"column":11},"end":{"line":35,"column":7}}],"line":24},"6":{"loc":{"start":{"line":24,"column":15},"end":{"line":24,"column":79}},"type":"binary-expr","locations":[{"start":{"line":24,"column":15},"end":{"line":24,"column":47}},{"start":{"line":24,"column":51},"end":{"line":24,"column":79}}],"line":24},"7":{"loc":{"start":{"line":28,"column":11},"end":{"line":35,"column":7}},"type":"if","locations":[{"start":{"line":28,"column":11},"end":{"line":35,"column":7}},{"start":{},"end":{}}],"line":28},"8":{"loc":{"start":{"line":31,"column":10},"end":{"line":32,"column":27}},"type":"if","locations":[{"start":{"line":31,"column":10},"end":{"line":32,"column":27}},{"start":{"line":32,"column":15},"end":{"line":32,"column":27}}],"line":31},"9":{"loc":{"start":{"line":31,"column":14},"end":{"line":31,"column":46}},"type":"binary-expr","locations":[{"start":{"line":31,"column":14},"end":{"line":31,"column":18}},{"start":{"line":31,"column":22},"end":{"line":31,"column":46}}],"line":31},"10":{"loc":{"start":{"line":31,"column":55},"end":{"line":31,"column":70}},"type":"binary-expr","locations":[{"start":{"line":31,"column":55},"end":{"line":31,"column":62}},{"start":{"line":31,"column":66},"end":{"line":31,"column":70}}],"line":31}},"s":{"0":1,"1":0,"2":0,"3":0,"4":0,"5":0,"6":0,"7":0,"8":0,"9":0,"10":0,"11":0,"12":0,"13":0,"14":0,"15":0,"16":0,"17":0,"18":0},"f":{"0":0,"1":0,"2":0},"b":{"0":[0,0],"1":[0,0],"2":[0,0],"3":[0,0,0],"4":[0,0],"5":[0,0],"6":[0,0],"7":[0,0],"8":[0,0],"9":[0,0],"10":[0,0]},"_coverageSchema":"1a1c01bbd47fc00a2c39e90264f33305004495a9","hash":"14d82cbb6b80712384332663361d4e4cd59e7aa0"}
,"C:\\Users\\User\\Desktop\\SSD\\Projects (my)\\lorinto-api\\mavi\\config\\api.js": {"path":"C:\\Users\\User\\Desktop\\SSD\\Projects (my)\\lorinto-api\\mavi\\config\\api.js","statementMap":{"0":{"start":{"line":1,"column":0},"end":{"line":11,"column":2}}},"fnMap":{},"branchMap":{},"s":{"0":1},"f":{},"b":{},"_coverageSchema":"1a1c01bbd47fc00a2c39e90264f33305004495a9","hash":"5b65509bbff197bb6c1cc0d1c183ad7b749866e3"}
,"C:\\Users\\User\\Desktop\\SSD\\Projects (my)\\lorinto-api\\mavi\\config\\cors.js": {"path":"C:\\Users\\User\\Desktop\\SSD\\Projects (my)\\lorinto-api\\mavi\\config\\cors.js","statementMap":{"0":{"start":{"line":1,"column":0},"end":{"line":5,"column":2}}},"fnMap":{},"branchMap":{},"s":{"0":1},"f":{},"b":{},"_coverageSchema":"1a1c01bbd47fc00a2c39e90264f33305004495a9","hash":"9c69e795064615ca4e3e8e188ac513bacfad3fbc"}
,"C:\\Users\\User\\Desktop\\SSD\\Projects (my)\\lorinto-api\\mavi\\config\\database.js": {"path":"C:\\Users\\User\\Desktop\\SSD\\Projects (my)\\lorinto-api\\mavi\\config\\database.js","statementMap":{"0":{"start":{"line":2,"column":0},"end":{"line":2,"column":46}},"1":{"start":{"line":4,"column":0},"end":{"line":42,"column":2}}},"fnMap":{},"branchMap":{},"s":{"0":1,"1":1},"f":{},"b":{},"_coverageSchema":"1a1c01bbd47fc00a2c39e90264f33305004495a9","hash":"8230a485ce5ce1af1de3bfe4e1fb4a9c39ecc0f7"}
,"C:\\Users\\User\\Desktop\\SSD\\Projects (my)\\lorinto-api\\mavi\\config\\index.js": {"path":"C:\\Users\\User\\Desktop\\SSD\\Projects (my)\\lorinto-api\\mavi\\config\\index.js","statementMap":{"0":{"start":{"line":2,"column":26},"end":{"line":2,"column":52}},"1":{"start":{"line":3,"column":14},"end":{"line":3,"column":52}},"2":{"start":{"line":4,"column":0},"end":{"line":13,"column":2}}},"fnMap":{},"branchMap":{"0":{"loc":{"start":{"line":12,"column":8},"end":{"line":12,"column":39}},"type":"cond-expr","locations":[{"start":{"line":12,"column":16},"end":{"line":12,"column":27}},{"start":{"line":12,"column":30},"end":{"line":12,"column":39}}],"line":12}},"s":{"0":1,"1":1,"2":1},"f":{},"b":{"0":[0,1]},"_coverageSchema":"1a1c01bbd47fc00a2c39e90264f33305004495a9","hash":"50e6096443ebe6411153c705eaa1ffb1cae2e5e8"}
,"C:\\Users\\User\\Desktop\\SSD\\Projects (my)\\lorinto-api\\mavi\\config\\static\\welcome.js": {"path":"C:\\Users\\User\\Desktop\\SSD\\Projects (my)\\lorinto-api\\mavi\\config\\static\\welcome.js","statementMap":{"0":{"start":{"line":1,"column":0},"end":{"line":15,"column":2}}},"fnMap":{},"branchMap":{},"s":{"0":1},"f":{},"b":{},"_coverageSchema":"1a1c01bbd47fc00a2c39e90264f33305004495a9","hash":"016411be50297836c8b0513ad9ebf502aa0e2b23"}
,"C:\\Users\\User\\Desktop\\SSD\\Projects (my)\\lorinto-api\\mavi\\database\\index.js": {"path":"C:\\Users\\User\\Desktop\\SSD\\Projects (my)\\lorinto-api\\mavi\\database\\index.js","statementMap":{"0":{"start":{"line":2,"column":13},"end":{"line":2,"column":28}},"1":{"start":{"line":3,"column":13},"end":{"line":3,"column":50}},"2":{"start":{"line":5,"column":23},"end":{"line":25,"column":1}},"3":{"start":{"line":6,"column":2},"end":{"line":24,"column":3}},"4":{"start":{"line":7,"column":19},"end":{"line":7,"column":33}},"5":{"start":{"line":20,"column":4},"end":{"line":20,"column":24}},"6":{"start":{"line":23,"column":4},"end":{"line":23,"column":70}},"7":{"start":{"line":27,"column":0},"end":{"line":27,"column":32}}},"fnMap":{"0":{"name":"(anonymous_0)","decl":{"start":{"line":5,"column":23},"end":{"line":5,"column":24}},"loc":{"start":{"line":5,"column":35},"end":{"line":25,"column":1}},"line":5}},"branchMap":{"0":{"loc":{"start":{"line":3,"column":13},"end":{"line":3,"column":50}},"type":"binary-expr","locations":[{"start":{"line":3,"column":13},"end":{"line":3,"column":33}},{"start":{"line":3,"column":37},"end":{"line":3,"column":50}}],"line":3},"1":{"loc":{"start":{"line":6,"column":2},"end":{"line":24,"column":3}},"type":"if","locations":[{"start":{"line":6,"column":2},"end":{"line":24,"column":3}},{"start":{"line":22,"column":7},"end":{"line":24,"column":3}}],"line":6}},"s":{"0":1,"1":1,"2":1,"3":1,"4":1,"5":1,"6":0,"7":1},"f":{"0":1},"b":{"0":[1,0],"1":[1,0]},"_coverageSchema":"1a1c01bbd47fc00a2c39e90264f33305004495a9","hash":"ae23f570777b8a389382b98ce8bbd35c9c3b2c22"}
,"C:\\Users\\User\\Desktop\\SSD\\Projects (my)\\lorinto-api\\mavi\\examples\\example2\\index.js": {"path":"C:\\Users\\User\\Desktop\\SSD\\Projects (my)\\lorinto-api\\mavi\\examples\\example2\\index.js","statementMap":{"0":{"start":{"line":1,"column":0},"end":{"line":36,"column":2}}},"fnMap":{},"branchMap":{},"s":{"0":1},"f":{},"b":{},"_coverageSchema":"1a1c01bbd47fc00a2c39e90264f33305004495a9","hash":"5b03587a4cddb131f0d8831971577f10b5f8eed2"}
,"C:\\Users\\User\\Desktop\\SSD\\Projects (my)\\lorinto-api\\mavi\\examples\\example2\\models\\customers.js": {"path":"C:\\Users\\User\\Desktop\\SSD\\Projects (my)\\lorinto-api\\mavi\\examples\\example2\\models\\customers.js","statementMap":{"0":{"start":{"line":1,"column":0},"end":{"line":43,"column":2}}},"fnMap":{},"branchMap":{},"s":{"0":1},"f":{},"b":{},"_coverageSchema":"1a1c01bbd47fc00a2c39e90264f33305004495a9","hash":"193dff7346b7943a366150fbf8e9bd94bc3cbf3e"}
,"C:\\Users\\User\\Desktop\\SSD\\Projects (my)\\lorinto-api\\mavi\\examples\\example2\\models\\index.js": {"path":"C:\\Users\\User\\Desktop\\SSD\\Projects (my)\\lorinto-api\\mavi\\examples\\example2\\models\\index.js","statementMap":{"0":{"start":{"line":5,"column":0},"end":{"line":5,"column":41}},"1":{"start":{"line":6,"column":0},"end":{"line":6,"column":43}}},"fnMap":{},"branchMap":{},"s":{"0":1,"1":1},"f":{},"b":{},"_coverageSchema":"1a1c01bbd47fc00a2c39e90264f33305004495a9","hash":"2ccbba7f80b480aff99dcd97b5ac40835814101c"}
,"C:\\Users\\User\\Desktop\\SSD\\Projects (my)\\lorinto-api\\mavi\\examples\\example2\\models\\statuses.js": {"path":"C:\\Users\\User\\Desktop\\SSD\\Projects (my)\\lorinto-api\\mavi\\examples\\example2\\models\\statuses.js","statementMap":{"0":{"start":{"line":1,"column":0},"end":{"line":28,"column":2}}},"fnMap":{},"branchMap":{},"s":{"0":1},"f":{},"b":{},"_coverageSchema":"1a1c01bbd47fc00a2c39e90264f33305004495a9","hash":"2f9593c5284dd9ce908a88242e02fbb41766ecd1"}
,"C:\\Users\\User\\Desktop\\SSD\\Projects (my)\\lorinto-api\\mavi\\examples\\example2\\routes\\index.js": {"path":"C:\\Users\\User\\Desktop\\SSD\\Projects (my)\\lorinto-api\\mavi\\examples\\example2\\routes\\index.js","statementMap":{"0":{"start":{"line":1,"column":0},"end":{"line":69,"column":2}}},"fnMap":{},"branchMap":{},"s":{"0":1},"f":{},"b":{},"_coverageSchema":"1a1c01bbd47fc00a2c39e90264f33305004495a9","hash":"5ffe8219cf4931f9d3b71167f4145a504530dcfb"}
,"C:\\Users\\User\\Desktop\\SSD\\Projects (my)\\lorinto-api\\mavi\\examples\\example2\\routes\\populate.js": {"path":"C:\\Users\\User\\Desktop\\SSD\\Projects (my)\\lorinto-api\\mavi\\examples\\example2\\routes\\populate.js","statementMap":{"0":{"start":{"line":1,"column":0},"end":{"line":9,"column":2}}},"fnMap":{},"branchMap":{},"s":{"0":1},"f":{},"b":{},"_coverageSchema":"1a1c01bbd47fc00a2c39e90264f33305004495a9","hash":"f6aeda9b05b85860dec8183f3bc07af030187987"}
}
