TN:
SF:index.js
FN:29,(anonymous_0)
FN:33,(anonymous_1)
FN:84,(anonymous_2)
FN:92,(anonymous_3)
FN:101,(anonymous_4)
FN:101,(anonymous_5)
FNF:6
FNH:5
FNDA:1,(anonymous_0)
FNDA:0,(anonymous_1)
FNDA:1,(anonymous_2)
FNDA:1,(anonymous_3)
FNDA:1,(anonymous_4)
FNDA:1,(anonymous_5)
DA:2,1
DA:3,1
DA:4,1
DA:5,1
DA:6,1
DA:7,1
DA:10,1
DA:13,1
DA:14,1
DA:15,1
DA:18,1
DA:21,1
DA:29,1
DA:33,1
DA:34,0
DA:35,0
DA:37,1
DA:38,1
DA:41,1
DA:44,1
DA:45,1
DA:46,1
DA:47,1
DA:48,1
DA:51,1
DA:54,1
DA:61,1
DA:68,1
DA:69,1
DA:71,0
DA:74,1
DA:78,1
DA:84,1
DA:85,1
DA:86,1
DA:89,1
DA:92,1
DA:93,1
DA:94,1
DA:101,1
DA:103,1
DA:104,1
DA:105,1
DA:108,1
DA:111,1
DA:114,1
LF:46
LH:43
BRDA:37,0,0,1
BRDA:37,0,1,0
BRDA:38,1,0,1
BRDA:38,1,1,0
BRDA:51,2,0,1
BRDA:51,2,1,0
BRDA:68,3,0,1
BRDA:68,3,1,0
BRDA:93,4,0,1
BRDA:93,4,1,0
BRF:10
BRH:5
end_of_record
TN:
SF:api\controller\index.js
FN:12,(anonymous_0)
FN:16,(anonymous_1)
FN:153,(anonymous_2)
FN:175,(anonymous_3)
FN:211,(anonymous_4)
FN:234,(anonymous_5)
FN:250,(anonymous_6)
FN:276,(anonymous_7)
FN:304,(anonymous_8)
FN:323,(anonymous_9)
FN:328,(anonymous_10)
FN:345,(anonymous_11)
FN:377,(anonymous_12)
FN:389,(anonymous_13)
FN:464,(anonymous_14)
FN:519,(anonymous_15)
FNF:16
FNH:0
FNDA:0,(anonymous_0)
FNDA:0,(anonymous_1)
FNDA:0,(anonymous_2)
FNDA:0,(anonymous_3)
FNDA:0,(anonymous_4)
FNDA:0,(anonymous_5)
FNDA:0,(anonymous_6)
FNDA:0,(anonymous_7)
FNDA:0,(anonymous_8)
FNDA:0,(anonymous_9)
FNDA:0,(anonymous_10)
FNDA:0,(anonymous_11)
FNDA:0,(anonymous_12)
FNDA:0,(anonymous_13)
FNDA:0,(anonymous_14)
FNDA:0,(anonymous_15)
DA:1,1
DA:2,1
DA:3,1
DA:4,1
DA:5,1
DA:6,1
DA:7,1
DA:8,1
DA:12,1
DA:13,0
DA:14,0
DA:15,0
DA:16,0
DA:18,0
DA:20,0
DA:27,0
DA:28,0
DA:30,0
DA:35,0
DA:36,0
DA:42,0
DA:47,0
DA:51,0
DA:75,0
DA:79,0
DA:81,0
DA:86,0
DA:92,0
DA:97,0
DA:98,0
DA:107,0
DA:113,0
DA:114,0
DA:122,0
DA:125,0
DA:131,0
DA:132,0
DA:152,0
DA:155,0
DA:158,0
DA:159,0
DA:160,0
DA:164,0
DA:165,0
DA:166,0
DA:170,0
DA:171,0
DA:173,0
DA:176,0
DA:178,0
DA:179,0
DA:181,0
DA:182,0
DA:184,0
DA:185,0
DA:188,0
DA:191,0
DA:192,0
DA:193,0
DA:197,0
DA:198,0
DA:199,0
DA:203,0
DA:205,0
DA:206,0
DA:209,0
DA:212,0
DA:213,0
DA:215,0
DA:216,0
DA:217,0
DA:218,0
DA:219,0
DA:220,0
DA:222,0
DA:223,0
DA:225,0
DA:226,0
DA:228,0
DA:230,0
DA:232,0
DA:235,0
DA:237,0
DA:238,0
DA:241,0
DA:248,0
DA:251,0
DA:252,0
DA:253,0
DA:254,0
DA:255,0
DA:257,0
DA:261,0
DA:263,0
DA:265,0
DA:274,0
DA:277,0
DA:278,0
DA:279,0
DA:280,0
DA:281,0
DA:283,0
DA:287,0
DA:288,0
DA:291,0
DA:292,0
DA:295,0
DA:302,0
DA:305,0
DA:308,0
DA:309,0
DA:310,0
DA:313,0
DA:317,0
DA:325,0
DA:326,0
DA:330,0
DA:336,0
DA:337,0
DA:341,0
DA:344,0
DA:345,0
DA:347,0
DA:348,0
DA:350,0
DA:351,0
DA:354,0
DA:355,0
DA:356,0
DA:359,0
DA:360,0
DA:362,0
DA:370,0
DA:373,0
DA:374,0
DA:377,0
DA:378,0
DA:379,0
DA:382,0
DA:383,0
DA:391,0
DA:393,0
DA:396,0
DA:397,0
DA:402,0
DA:408,0
DA:409,0
DA:413,0
DA:415,0
DA:424,0
DA:432,0
DA:437,0
DA:441,0
DA:442,0
DA:445,0
DA:452,0
DA:455,0
DA:457,0
DA:466,0
DA:468,0
DA:471,0
DA:472,0
DA:476,0
DA:481,0
DA:483,0
DA:492,0
DA:495,0
DA:500,0
DA:503,0
DA:506,0
DA:507,0
DA:510,0
DA:512,0
DA:514,0
DA:515,0
DA:520,0
DA:521,0
DA:522,0
DA:524,0
LF:179
LH:9
BRDA:21,0,0,0
BRDA:21,0,1,0
BRDA:27,1,0,0
BRDA:27,1,1,0
BRDA:35,2,0,0
BRDA:35,2,1,0
BRDA:42,3,0,0
BRDA:42,3,1,0
BRDA:47,4,0,0
BRDA:47,4,1,0
BRDA:51,5,0,0
BRDA:51,5,1,0
BRDA:51,6,0,0
BRDA:51,6,1,0
BRDA:79,7,0,0
BRDA:79,7,1,0
BRDA:107,8,0,0
BRDA:107,8,1,0
BRDA:107,9,0,0
BRDA:107,9,1,0
BRDA:107,9,2,0
BRDA:107,9,3,0
BRDA:113,10,0,0
BRDA:113,10,1,0
BRDA:125,11,0,0
BRDA:125,11,1,0
BRDA:125,12,0,0
BRDA:125,12,1,0
BRDA:155,13,0,0
BRDA:155,13,1,0
BRDA:158,14,0,0
BRDA:158,14,1,0
BRDA:159,15,0,0
BRDA:159,15,1,0
BRDA:164,16,0,0
BRDA:164,16,1,0
BRDA:171,17,0,0
BRDA:171,17,1,0
BRDA:175,18,0,0
BRDA:176,19,0,0
BRDA:176,19,1,0
BRDA:176,20,0,0
BRDA:176,20,1,0
BRDA:178,21,0,0
BRDA:178,21,1,0
BRDA:181,22,0,0
BRDA:181,22,1,0
BRDA:184,23,0,0
BRDA:184,23,1,0
BRDA:184,24,0,0
BRDA:184,24,1,0
BRDA:185,25,0,0
BRDA:185,25,1,0
BRDA:188,26,0,0
BRDA:188,26,1,0
BRDA:191,27,0,0
BRDA:191,27,1,0
BRDA:192,28,0,0
BRDA:192,28,1,0
BRDA:197,29,0,0
BRDA:197,29,1,0
BRDA:205,30,0,0
BRDA:205,30,1,0
BRDA:205,31,0,0
BRDA:205,31,1,0
BRDA:205,31,2,0
BRDA:205,31,3,0
BRDA:205,31,4,0
BRDA:211,32,0,0
BRDA:215,33,0,0
BRDA:215,33,1,0
BRDA:216,34,0,0
BRDA:216,34,1,0
BRDA:219,35,0,0
BRDA:219,35,1,0
BRDA:220,36,0,0
BRDA:220,36,1,0
BRDA:225,37,0,0
BRDA:225,37,1,0
BRDA:225,38,0,0
BRDA:225,38,1,0
BRDA:225,38,2,0
BRDA:225,38,3,0
BRDA:228,39,0,0
BRDA:228,39,1,0
BRDA:228,40,0,0
BRDA:228,40,1,0
BRDA:230,41,0,0
BRDA:230,41,1,0
BRDA:230,42,0,0
BRDA:230,42,1,0
BRDA:234,43,0,0
BRDA:237,44,0,0
BRDA:237,44,1,0
BRDA:237,45,0,0
BRDA:237,45,1,0
BRDA:237,45,2,0
BRDA:237,45,3,0
BRDA:241,46,0,0
BRDA:241,46,1,0
BRDA:241,47,0,0
BRDA:241,47,1,0
BRDA:252,48,0,0
BRDA:252,48,1,0
BRDA:253,49,0,0
BRDA:253,49,1,0
BRDA:254,50,0,0
BRDA:254,50,1,0
BRDA:263,51,0,0
BRDA:263,51,1,0
BRDA:263,52,0,0
BRDA:263,52,1,0
BRDA:265,53,0,0
BRDA:265,53,1,0
BRDA:265,54,0,0
BRDA:265,54,1,0
BRDA:276,55,0,0
BRDA:278,56,0,0
BRDA:278,56,1,0
BRDA:279,57,0,0
BRDA:279,57,1,0
BRDA:280,58,0,0
BRDA:280,58,1,0
BRDA:288,59,0,0
BRDA:288,59,1,0
BRDA:288,60,0,0
BRDA:288,60,1,0
BRDA:291,61,0,0
BRDA:291,61,1,0
BRDA:291,62,0,0
BRDA:291,62,1,0
BRDA:291,62,2,0
BRDA:291,62,3,0
BRDA:295,63,0,0
BRDA:295,63,1,0
BRDA:295,64,0,0
BRDA:295,64,1,0
BRDA:305,65,0,0
BRDA:305,65,1,0
BRDA:308,66,0,0
BRDA:308,66,1,0
BRDA:308,67,0,0
BRDA:308,67,1,0
BRDA:309,68,0,0
BRDA:309,68,1,0
BRDA:313,69,0,0
BRDA:313,69,1,0
BRDA:325,70,0,0
BRDA:325,70,1,0
BRDA:325,70,2,0
BRDA:326,71,0,0
BRDA:326,71,1,0
BRDA:336,72,0,0
BRDA:336,72,1,0
BRDA:347,73,0,0
BRDA:347,73,1,0
BRDA:350,74,0,0
BRDA:350,74,1,0
BRDA:356,75,0,0
BRDA:356,75,1,0
BRDA:359,76,0,0
BRDA:359,76,1,0
BRDA:359,77,0,0
BRDA:359,77,1,0
BRDA:396,78,0,0
BRDA:396,78,1,0
BRDA:396,79,0,0
BRDA:396,79,1,0
BRDA:396,79,2,0
BRDA:396,79,3,0
BRDA:408,80,0,0
BRDA:408,80,1,0
BRDA:433,81,0,0
BRDA:433,81,1,0
BRDA:438,82,0,0
BRDA:438,82,1,0
BRDA:471,83,0,0
BRDA:471,83,1,0
BRDA:471,84,0,0
BRDA:471,84,1,0
BRDA:471,85,0,0
BRDA:471,85,1,0
BRDA:478,86,0,0
BRDA:478,86,1,0
BRDA:481,87,0,0
BRDA:481,87,1,0
BRDA:481,88,0,0
BRDA:481,88,1,0
BRDA:493,89,0,0
BRDA:493,89,1,0
BRDA:496,90,0,0
BRDA:496,90,1,0
BRF:192
BRH:0
end_of_record
TN:
SF:api\middlewares\authorization.js
FN:7,(anonymous_0)
FNF:1
FNH:0
FNDA:0,(anonymous_0)
DA:4,1
DA:5,1
DA:7,1
DA:8,0
DA:9,0
DA:10,0
DA:15,0
DA:16,0
DA:18,0
DA:19,0
DA:20,0
DA:25,0
DA:29,1
LF:13
LH:4
BRDA:8,0,0,0
BRDA:8,0,1,0
BRDA:9,1,0,0
BRDA:9,1,1,0
BRDA:9,2,0,0
BRDA:9,2,1,0
BRF:6
BRH:0
end_of_record
TN:
SF:api\middlewares\interceptor.js
FN:7,(anonymous_0)
FNF:1
FNH:1
FNDA:2,(anonymous_0)
DA:4,1
DA:7,1
DA:8,2
DA:10,2
DA:11,2
DA:13,0
DA:16,2
DA:19,1
LF:8
LH:7
BRDA:8,0,0,2
BRDA:8,0,1,2
BRDA:8,0,2,2
BRDA:8,0,3,2
BRDA:10,1,0,2
BRDA:10,1,1,0
BRF:6
BRH:5
end_of_record
TN:
SF:api\middlewares\is-owner.js
FN:7,(anonymous_0)
FNF:1
FNH:0
FNDA:0,(anonymous_0)
DA:4,1
DA:5,1
DA:7,1
DA:8,0
DA:9,0
DA:10,0
DA:14,0
DA:15,0
DA:17,0
DA:18,0
DA:19,0
DA:20,0
DA:25,0
DA:29,1
LF:14
LH:4
BRDA:8,0,0,0
BRDA:8,0,1,0
BRDA:9,1,0,0
BRDA:9,1,1,0
BRDA:9,2,0,0
BRDA:9,2,1,0
BRF:6
BRH:0
end_of_record
TN:
SF:api\router\index.js
FN:34,(anonymous_0)
FN:40,(anonymous_1)
FN:140,(anonymous_2)
FN:152,(anonymous_3)
FNF:4
FNH:2
FNDA:4,(anonymous_0)
FNDA:2,(anonymous_1)
FNDA:0,(anonymous_2)
FNDA:0,(anonymous_3)
DA:2,1
DA:3,1
DA:4,1
DA:5,1
DA:8,1
DA:15,1
DA:21,1
DA:34,1
DA:35,4
DA:36,4
DA:37,0
DA:40,1
DA:41,2
DA:43,2
DA:44,2
DA:48,2
DA:49,0
DA:50,0
DA:54,2
DA:55,0
DA:56,0
DA:61,2
DA:63,0
DA:64,0
DA:65,0
DA:66,0
DA:67,0
DA:68,0
DA:84,2
DA:96,2
DA:99,2
DA:100,3
DA:101,3
DA:104,3
DA:106,4
DA:107,0
DA:111,4
DA:113,1
DA:116,1
DA:122,1
DA:128,1
DA:129,1
DA:137,3
DA:144,0
DA:150,0
DA:151,0
DA:153,0
DA:154,0
DA:155,0
DA:156,0
DA:162,0
DA:163,0
DA:167,0
DA:169,0
DA:173,0
DA:175,0
DA:176,0
DA:177,0
DA:180,0
DA:184,0
DA:185,0
DA:187,0
DA:188,0
DA:190,0
DA:191,0
DA:193,0
DA:194,0
DA:196,0
DA:197,0
DA:201,0
DA:204,0
DA:206,0
DA:209,0
DA:215,0
DA:221,4
DA:225,4
DA:231,2
DA:232,2
DA:242,2
DA:245,1
LF:80
LH:37
BRDA:35,0,0,0
BRDA:35,0,1,4
BRDA:36,1,0,4
BRDA:36,1,1,0
BRDA:43,2,0,0
BRDA:43,2,1,2
BRDA:44,3,0,0
BRDA:44,3,1,2
BRDA:48,4,0,0
BRDA:48,4,1,2
BRDA:48,5,0,2
BRDA:48,5,1,0
BRDA:54,6,0,0
BRDA:54,6,1,2
BRDA:54,7,0,2
BRDA:54,7,1,0
BRDA:61,8,0,0
BRDA:61,8,1,2
BRDA:61,9,0,2
BRDA:61,9,1,0
BRDA:64,10,0,0
BRDA:64,10,1,0
BRDA:65,11,0,0
BRDA:65,11,1,0
BRDA:67,12,0,0
BRDA:67,12,1,0
BRDA:106,13,0,0
BRDA:106,13,1,4
BRDA:111,14,0,1
BRDA:111,14,1,3
BRDA:113,15,0,1
BRDA:113,15,1,0
BRDA:117,16,0,1
BRDA:117,16,1,1
BRDA:118,17,0,1
BRDA:118,17,1,1
BRDA:128,18,0,1
BRDA:128,18,1,0
BRDA:145,19,0,0
BRDA:145,19,1,0
BRDA:150,20,0,0
BRDA:150,20,1,0
BRDA:153,21,0,0
BRDA:153,21,1,0
BRDA:162,22,0,0
BRDA:162,22,1,0
BRDA:167,23,0,0
BRDA:167,23,1,0
BRDA:173,24,0,0
BRDA:173,24,1,0
BRDA:173,25,0,0
BRDA:173,25,1,0
BRDA:180,26,0,0
BRDA:180,26,1,0
BRDA:180,26,2,0
BRDA:180,26,3,0
BRDA:180,26,4,0
BRDA:180,26,5,0
BRDA:180,26,6,0
BRDA:180,26,7,0
BRDA:180,26,8,0
BRDA:180,26,9,0
BRDA:204,27,0,0
BRDA:204,27,1,0
BRDA:204,28,0,0
BRDA:204,28,1,0
BRDA:221,29,0,4
BRDA:221,29,1,0
BRDA:231,30,0,2
BRDA:231,30,1,0
BRDA:233,31,0,2
BRDA:233,31,1,0
BRDA:235,32,0,2
BRDA:235,32,1,0
BRDA:236,33,0,1
BRDA:236,33,1,1
BRF:76
BRH:25
end_of_record
TN:
SF:api\router\utils\hydrate-routes.js
FN:1,(anonymous_0)
FN:4,(anonymous_1)
FN:86,(anonymous_2)
FN:103,(anonymous_3)
FN:108,(anonymous_4)
FNF:5
FNH:4
FNDA:2,(anonymous_0)
FNDA:2,(anonymous_1)
FNDA:20,(anonymous_2)
FNDA:0,(anonymous_3)
FNDA:4,(anonymous_4)
DA:1,1
DA:2,2
DA:4,2
DA:5,2
DA:6,3
DA:7,3
DA:10,3
DA:14,4
DA:16,4
DA:17,0
DA:21,4
DA:25,4
DA:28,4
DA:31,4
DA:32,0
DA:35,4
DA:40,1
DA:41,1
DA:42,0
DA:45,1
DA:47,0
DA:49,1
DA:50,1
DA:51,1
DA:53,1
DA:54,0
DA:55,0
DA:61,3
DA:64,3
DA:67,3
DA:71,3
DA:72,0
DA:76,3
DA:77,0
DA:79,0
DA:80,0
DA:85,3
DA:86,20
DA:88,0
DA:89,0
DA:96,4
DA:100,2
DA:103,2
DA:104,0
DA:108,2
DA:109,4
DA:110,4
DA:113,4
DA:114,0
DA:117,4
DA:118,4
DA:121,4
DA:123,20
DA:126,17
DA:130,4
DA:133,4
DA:135,0
DA:138,0
DA:141,0
DA:145,4
DA:148,2
LF:61
LH:44
BRDA:2,0,0,0
BRDA:2,0,1,2
BRDA:6,1,0,0
BRDA:6,1,1,3
BRDA:7,2,0,0
BRDA:7,2,1,3
BRDA:14,3,0,4
BRDA:14,3,1,0
BRDA:16,4,0,0
BRDA:16,4,1,4
BRDA:25,5,0,0
BRDA:25,5,1,4
BRDA:31,6,0,4
BRDA:31,6,1,0
BRDA:35,7,0,1
BRDA:35,7,1,3
BRDA:40,8,0,0
BRDA:40,8,1,1
BRDA:41,9,0,0
BRDA:41,9,1,1
BRDA:41,10,0,1
BRDA:41,10,1,0
BRDA:45,11,0,0
BRDA:45,11,1,1
BRDA:49,12,0,1
BRDA:49,12,1,0
BRDA:49,13,0,1
BRDA:49,13,1,1
BRDA:53,14,0,0
BRDA:53,14,1,1
BRDA:53,15,0,1
BRDA:53,15,1,1
BRDA:61,16,0,0
BRDA:61,16,1,3
BRDA:64,17,0,3
BRDA:64,17,1,0
BRDA:67,18,0,3
BRDA:67,18,1,0
BRDA:71,19,0,0
BRDA:71,19,1,3
BRDA:71,20,0,3
BRDA:71,20,1,3
BRDA:76,21,0,0
BRDA:76,21,1,3
BRDA:85,22,0,3
BRDA:85,22,1,0
BRDA:88,23,0,0
BRDA:88,23,1,0
BRDA:104,24,0,0
BRDA:104,24,1,0
BRDA:109,25,0,4
BRDA:109,25,1,1
BRDA:113,26,0,0
BRDA:113,26,1,4
BRDA:113,27,0,4
BRDA:113,27,1,3
BRDA:113,27,2,0
BRDA:117,28,0,4
BRDA:117,28,1,0
BRDA:118,29,0,4
BRDA:118,29,1,0
BRDA:123,30,0,3
BRDA:123,30,1,17
BRDA:123,31,0,20
BRDA:123,31,1,17
BRDA:126,32,0,17
BRDA:126,32,1,0
BRDA:130,33,0,0
BRDA:130,33,1,4
BRDA:130,34,0,4
BRDA:130,34,1,0
BRDA:133,35,0,0
BRDA:133,35,1,4
BRDA:135,36,0,0
BRDA:135,36,1,0
BRF:75
BRH:42
end_of_record
TN:
SF:api\services\refresh-token.js
FN:2,(anonymous_0)
FNF:1
FNH:0
FNDA:0,(anonymous_0)
DA:1,1
DA:2,1
DA:5,0
DA:11,0
DA:12,0
DA:16,0
DA:24,0
DA:26,0
DA:27,0
DA:31,0
DA:32,0
DA:36,0
DA:37,0
DA:43,0
DA:44,0
DA:47,0
DA:49,0
DA:52,0
DA:61,0
DA:66,0
DA:69,0
DA:72,0
DA:74,0
DA:77,0
DA:81,1
LF:25
LH:3
BRDA:6,0,0,0
BRDA:6,0,1,0
BRDA:6,0,2,0
BRDA:6,0,3,0
BRDA:11,1,0,0
BRDA:11,1,1,0
BRDA:26,2,0,0
BRDA:26,2,1,0
BRDA:31,3,0,0
BRDA:31,3,1,0
BRDA:36,4,0,0
BRDA:36,4,1,0
BRDA:43,5,0,0
BRDA:43,5,1,0
BRF:14
BRH:0
end_of_record
TN:
SF:api\services\sub-controller.js
FN:5,(anonymous_0)
FN:13,(anonymous_1)
FN:15,(anonymous_2)
FN:31,(anonymous_3)
FN:58,(anonymous_4)
FN:99,(anonymous_5)
FN:156,(anonymous_6)
FNF:7
FNH:0
FNDA:0,(anonymous_0)
FNDA:0,(anonymous_1)
FNDA:0,(anonymous_2)
FNDA:0,(anonymous_3)
FNDA:0,(anonymous_4)
FNDA:0,(anonymous_5)
FNDA:0,(anonymous_6)
DA:4,1
DA:5,1
DA:6,0
DA:8,0
DA:9,0
DA:12,0
DA:14,0
DA:17,0
DA:20,0
DA:21,0
DA:22,0
DA:23,0
DA:28,0
DA:29,0
DA:30,0
DA:31,0
DA:33,0
DA:36,0
DA:49,0
DA:51,0
DA:54,0
DA:57,0
DA:58,0
DA:59,0
DA:60,0
DA:65,0
DA:67,0
DA:69,0
DA:70,0
DA:73,0
DA:76,0
DA:77,0
DA:78,0
DA:83,0
DA:90,0
DA:91,0
DA:92,0
DA:97,0
DA:99,0
DA:100,0
DA:103,0
DA:104,0
DA:105,0
DA:107,0
DA:110,0
DA:112,0
DA:114,0
DA:115,0
DA:120,0
DA:123,0
DA:124,0
DA:125,0
DA:126,0
DA:127,0
DA:129,0
DA:130,0
DA:131,0
DA:133,0
DA:134,0
DA:138,0
DA:139,0
DA:140,0
DA:142,0
DA:145,0
DA:146,0
DA:147,0
DA:149,0
DA:152,0
DA:153,0
DA:154,0
DA:157,0
DA:164,0
DA:166,0
DA:168,0
DA:171,0
DA:174,0
DA:175,0
DA:179,0
DA:181,0
DA:182,0
DA:187,0
DA:188,0
DA:190,0
DA:194,0
DA:197,0
DA:200,0
DA:201,0
DA:202,0
DA:204,0
DA:205,0
DA:207,0
DA:208,0
DA:212,0
DA:215,0
DA:221,0
DA:222,0
DA:223,0
DA:228,0
DA:235,0
DA:236,0
DA:237,0
DA:242,0
DA:245,0
DA:247,0
DA:248,0
DA:254,0
DA:257,0
DA:260,0
DA:264,0
DA:265,0
DA:266,0
DA:269,0
DA:273,0
DA:278,1
LF:114
LH:3
BRDA:8,0,0,0
BRDA:8,0,1,0
BRDA:9,1,0,0
BRDA:9,1,1,0
BRDA:17,2,0,0
BRDA:17,2,1,0
BRDA:20,3,0,0
BRDA:20,3,1,0
BRDA:22,4,0,0
BRDA:22,4,1,0
BRDA:29,5,0,0
BRDA:29,5,1,0
BRDA:31,6,0,0
BRDA:31,6,1,0
BRDA:51,7,0,0
BRDA:51,7,1,0
BRDA:51,8,0,0
BRDA:51,8,1,0
BRDA:57,9,0,0
BRDA:57,9,1,0
BRDA:59,10,0,0
BRDA:59,10,1,0
BRDA:65,11,0,0
BRDA:65,11,1,0
BRDA:65,11,2,0
BRDA:65,11,3,0
BRDA:65,11,4,0
BRDA:65,11,5,0
BRDA:65,12,0,0
BRDA:65,12,1,0
BRDA:69,13,0,0
BRDA:69,13,1,0
BRDA:69,14,0,0
BRDA:69,14,1,0
BRDA:70,15,0,0
BRDA:70,15,1,0
BRDA:76,16,0,0
BRDA:76,16,1,0
BRDA:77,17,0,0
BRDA:77,17,1,0
BRDA:90,18,0,0
BRDA:90,18,1,0
BRDA:112,19,0,0
BRDA:112,19,1,0
BRDA:114,20,0,0
BRDA:114,20,1,0
BRDA:114,21,0,0
BRDA:114,21,1,0
BRDA:117,22,0,0
BRDA:117,22,1,0
BRDA:123,23,0,0
BRDA:123,23,1,0
BRDA:124,24,0,0
BRDA:124,24,1,0
BRDA:125,25,0,0
BRDA:125,25,1,0
BRDA:126,26,0,0
BRDA:126,26,1,0
BRDA:133,27,0,0
BRDA:133,27,1,0
BRDA:145,28,0,0
BRDA:145,28,1,0
BRDA:145,29,0,0
BRDA:145,29,1,0
BRDA:152,30,0,0
BRDA:152,30,1,0
BRDA:174,31,0,0
BRDA:174,31,1,0
BRDA:174,32,0,0
BRDA:174,32,1,0
BRDA:179,33,0,0
BRDA:179,33,1,0
BRDA:187,34,0,0
BRDA:187,34,1,0
BRDA:200,35,0,0
BRDA:200,35,1,0
BRDA:200,36,0,0
BRDA:200,36,1,0
BRDA:201,37,0,0
BRDA:201,37,1,0
BRDA:204,38,0,0
BRDA:204,38,1,0
BRDA:207,39,0,0
BRDA:207,39,1,0
BRDA:207,40,0,0
BRDA:207,40,1,0
BRDA:208,41,0,0
BRDA:208,41,1,0
BRDA:212,42,0,0
BRDA:212,42,1,0
BRDA:221,43,0,0
BRDA:221,43,1,0
BRDA:222,44,0,0
BRDA:222,44,1,0
BRDA:235,45,0,0
BRDA:235,45,1,0
BRDA:245,46,0,0
BRDA:245,46,1,0
BRF:98
BRH:0
end_of_record
TN:
SF:api\services\url-query-builder.js
FN:1,(anonymous_0)
FN:34,(anonymous_1)
FN:148,(anonymous_2)
FN:150,(anonymous_3)
FNF:4
FNH:0
FNDA:0,(anonymous_0)
FNDA:0,(anonymous_1)
FNDA:0,(anonymous_2)
FNDA:0,(anonymous_3)
DA:1,1
DA:3,0
DA:4,0
DA:7,0
DA:8,0
DA:16,0
DA:17,0
DA:18,0
DA:20,0
DA:21,0
DA:22,0
DA:23,0
DA:26,0
DA:29,0
DA:33,0
DA:34,0
DA:35,0
DA:37,0
DA:38,0
DA:39,0
DA:40,0
DA:43,0
DA:44,0
DA:45,0
DA:49,0
DA:50,0
DA:54,0
DA:55,0
DA:58,0
DA:60,0
DA:61,0
DA:64,0
DA:65,0
DA:67,0
DA:68,0
DA:70,0
DA:71,0
DA:73,0
DA:74,0
DA:76,0
DA:77,0
DA:79,0
DA:80,0
DA:82,0
DA:83,0
DA:86,0
DA:89,0
DA:90,0
DA:91,0
DA:93,0
DA:99,0
DA:100,0
DA:101,0
DA:102,0
DA:103,0
DA:107,0
DA:108,0
DA:109,0
DA:110,0
DA:111,0
DA:112,0
DA:113,0
DA:115,0
DA:116,0
DA:117,0
DA:120,0
DA:121,0
DA:122,0
DA:124,0
DA:125,0
DA:129,0
DA:133,0
DA:134,0
DA:135,0
DA:138,0
DA:141,0
DA:147,0
DA:148,0
DA:150,0
DA:151,0
DA:154,0
DA:159,1
LF:82
LH:2
BRDA:4,0,0,0
BRDA:4,0,1,0
BRDA:4,0,2,0
BRDA:4,0,3,0
BRDA:4,0,4,0
BRDA:16,1,0,0
BRDA:16,1,1,0
BRDA:22,2,0,0
BRDA:22,2,1,0
BRDA:23,3,0,0
BRDA:23,3,1,0
BRDA:33,4,0,0
BRDA:33,4,1,0
BRDA:35,5,0,0
BRDA:35,5,1,0
BRDA:35,6,0,0
BRDA:35,6,1,0
BRDA:39,7,0,0
BRDA:39,7,1,0
BRDA:40,8,0,0
BRDA:40,8,1,0
BRDA:43,9,0,0
BRDA:43,9,1,0
BRDA:49,10,0,0
BRDA:49,10,1,0
BRDA:54,11,0,0
BRDA:54,11,1,0
BRDA:55,12,0,0
BRDA:55,12,1,0
BRDA:58,13,0,0
BRDA:58,13,1,0
BRDA:58,13,2,0
BRDA:58,13,3,0
BRDA:58,13,4,0
BRDA:58,13,5,0
BRDA:58,13,6,0
BRDA:58,13,7,0
BRDA:58,13,8,0
BRDA:99,14,0,0
BRDA:99,14,1,0
BRDA:100,15,0,0
BRDA:100,15,1,0
BRDA:102,16,0,0
BRDA:102,16,1,0
BRDA:107,17,0,0
BRDA:107,17,1,0
BRDA:113,18,0,0
BRDA:113,18,1,0
BRDA:120,19,0,0
BRDA:120,19,1,0
BRDA:121,20,0,0
BRDA:121,20,1,0
BRDA:123,21,0,0
BRDA:123,21,1,0
BRDA:124,22,0,0
BRDA:124,22,1,0
BRDA:126,23,0,0
BRDA:126,23,1,0
BRDA:150,24,0,0
BRDA:150,24,1,0
BRF:60
BRH:0
end_of_record
TN:
SF:api\services\validate-config.js
FN:4,(anonymous_0)
FN:5,(anonymous_1)
FNF:2
FNH:2
FNDA:1,(anonymous_0)
FNDA:1,(anonymous_1)
DA:2,1
DA:4,1
DA:5,1
DA:6,1
DA:7,0
DA:11,1
DA:12,8
DA:17,1
DA:18,0
DA:22,1
DA:23,3
DA:25,1
DA:27,0
DA:30,0
DA:32,1
DA:35,2
DA:38,3
DA:41,1
DA:42,0
DA:45,1
DA:46,0
DA:49,1
DA:50,0
DA:53,1
DA:54,0
DA:57,1
DA:58,0
DA:61,1
DA:62,0
DA:65,1
LF:30
LH:20
BRDA:6,0,0,0
BRDA:6,0,1,1
BRDA:12,1,0,4
BRDA:12,1,1,4
BRDA:17,2,0,0
BRDA:17,2,1,1
BRDA:23,3,0,1
BRDA:23,3,1,2
BRDA:25,4,0,0
BRDA:25,4,1,1
BRDA:27,5,0,0
BRDA:27,5,1,0
BRDA:30,6,0,0
BRDA:30,6,1,0
BRDA:35,7,0,0
BRDA:35,7,1,2
BRDA:38,8,0,0
BRDA:38,8,1,3
BRDA:41,9,0,0
BRDA:41,9,1,1
BRDA:45,10,0,0
BRDA:45,10,1,1
BRDA:49,11,0,0
BRDA:49,11,1,1
BRDA:53,12,0,0
BRDA:53,12,1,1
BRDA:57,13,0,0
BRDA:57,13,1,1
BRDA:61,14,0,0
BRDA:61,14,1,1
BRDA:61,15,0,1
BRDA:61,15,1,1
BRDA:61,16,0,1
BRDA:61,16,1,0
BRF:34
BRH:18
end_of_record
TN:
SF:api\utils\detect-language.js
FN:7,(anonymous_0)
FN:9,(anonymous_1)
FNF:2
FNH:0
FNDA:0,(anonymous_0)
FNDA:0,(anonymous_1)
DA:4,1
DA:5,1
DA:7,1
DA:8,0
DA:9,0
DA:11,0
DA:14,0
DA:16,0
DA:17,0
DA:18,0
DA:19,0
LF:11
LH:3
BRDA:8,0,0,0
BRDA:8,0,1,0
BRDA:9,1,0,0
BRDA:9,1,1,0
BRDA:9,2,0,0
BRDA:9,2,1,0
BRF:6
BRH:0
end_of_record
TN:
SF:api\utils\sanitize.js
FN:2,(anonymous_0)
FN:7,(anonymous_1)
FN:30,(anonymous_2)
FNF:3
FNH:0
FNDA:0,(anonymous_0)
FNDA:0,(anonymous_1)
FNDA:0,(anonymous_2)
DA:2,1
DA:3,0
DA:4,0
DA:7,0
DA:8,0
DA:13,0
DA:19,0
DA:20,0
DA:22,0
DA:24,0
DA:26,0
DA:28,0
DA:30,0
DA:31,0
DA:32,0
DA:34,0
DA:38,0
DA:40,0
LF:18
LH:1
BRDA:3,0,0,0
BRDA:3,0,1,0
BRDA:8,1,0,0
BRDA:8,1,1,0
BRDA:20,2,0,0
BRDA:20,2,1,0
BRDA:20,3,0,0
BRDA:20,3,1,0
BRDA:20,3,2,0
BRDA:22,4,0,0
BRDA:22,4,1,0
BRDA:24,5,0,0
BRDA:24,5,1,0
BRDA:24,6,0,0
BRDA:24,6,1,0
BRDA:28,7,0,0
BRDA:28,7,1,0
BRDA:31,8,0,0
BRDA:31,8,1,0
BRDA:31,9,0,0
BRDA:31,9,1,0
BRDA:31,10,0,0
BRDA:31,10,1,0
BRF:23
BRH:0
end_of_record
TN:
SF:config\api.js
FNF:0
FNH:0
DA:1,1
LF:1
LH:1
BRF:0
BRH:0
end_of_record
TN:
SF:config\cors.js
FNF:0
FNH:0
DA:1,1
LF:1
LH:1
BRF:0
BRH:0
end_of_record
TN:
SF:config\database.js
FNF:0
FNH:0
DA:2,1
DA:4,1
LF:2
LH:2
BRF:0
BRH:0
end_of_record
TN:
SF:config\index.js
FNF:0
FNH:0
DA:2,1
DA:3,1
DA:4,1
LF:3
LH:3
BRDA:12,0,0,0
BRDA:12,0,1,1
BRF:2
BRH:1
end_of_record
TN:
SF:config\static\welcome.js
FNF:0
FNH:0
DA:1,1
LF:1
LH:1
BRF:0
BRH:0
end_of_record
TN:
SF:database\index.js
FN:5,(anonymous_0)
FNF:1
FNH:1
FNDA:1,(anonymous_0)
DA:2,1
DA:3,1
DA:5,1
DA:6,1
DA:7,1
DA:20,1
DA:23,0
DA:27,1
LF:8
LH:7
BRDA:3,0,0,1
BRDA:3,0,1,0
BRDA:6,1,0,1
BRDA:6,1,1,0
BRF:4
BRH:2
end_of_record
TN:
SF:examples\example2\index.js
FNF:0
FNH:0
DA:1,1
LF:1
LH:1
BRF:0
BRH:0
end_of_record
TN:
SF:examples\example2\models\customers.js
FNF:0
FNH:0
DA:1,1
LF:1
LH:1
BRF:0
BRH:0
end_of_record
TN:
SF:examples\example2\models\index.js
FNF:0
FNH:0
DA:5,1
DA:6,1
LF:2
LH:2
BRF:0
BRH:0
end_of_record
TN:
SF:examples\example2\models\statuses.js
FNF:0
FNH:0
DA:1,1
LF:1
LH:1
BRF:0
BRH:0
end_of_record
TN:
SF:examples\example2\routes\index.js
FNF:0
FNH:0
DA:1,1
LF:1
LH:1
BRF:0
BRH:0
end_of_record
TN:
SF:examples\example2\routes\populate.js
FNF:0
FNH:0
DA:1,1
LF:1
LH:1
BRF:0
BRH:0
end_of_record
